#
# There is insufficient memory for the Java Runtime Environment to continue.
# Native memory allocation (malloc) failed to allocate 32744 bytes for ChunkPool::allocate
# Possible reasons:
#   The system is out of physical RAM or swap space
#   The process is running with CompressedOops enabled, and the Java Heap may be blocking the growth of the native heap
# Possible solutions:
#   Reduce memory load on the system
#   Increase physical memory or swap space
#   Check if swap backing store is full
#   Decrease Java heap size (-Xmx/-Xms)
#   Decrease number of Java threads
#   Decrease Java thread stack sizes (-Xss)
#   Set larger code cache with -XX:ReservedCodeCacheSize=
#   JVM is running with Zero Based Compressed Oops mode in which the Java heap is
#     placed in the first 32GB address space. The Java Heap base address is the
#     maximum limit for the native heap growth. Please use -XX:HeapBaseMinAddress
#     to set the Java Heap base and to place the Java Heap above 32GB virtual address.
# This output file may be truncated or incomplete.
#
#  Out of Memory Error (arena.cpp:78), pid=21068, tid=18788
#
# JRE version: OpenJDK Runtime Environment Temurin-17.0.4.1+1 (17.0.4.1+1) (build 17.0.4.1+1)
# Java VM: OpenJDK 64-Bit Server VM Temurin-17.0.4.1+1 (17.0.4.1+1, mixed mode, tiered, compressed oops, compressed class ptrs, g1 gc, windows-amd64)
# No core dump will be written. Minidumps are not enabled by default on client versions of Windows
#

---------------  S U M M A R Y ------------

Command Line: -Dfile.encoding=UTF-8 --module-path=C:\Users\EasyLife\OneDrive\Desktop\DataBase\Library_Data\bin;C:\Users\EasyLife\OneDrive\Desktop\DataBase\eclipse\plugins\org.eclipse.fx.ide.css.jfx8_3.8.0.202204150904.jar;C:\Users\EasyLife\OneDrive\Desktop\hidaya\javafx-sdk-19\lib\javafx.base.jar;C:\Users\EasyLife\OneDrive\Desktop\hidaya\javafx-sdk-19\lib\javafx.controls.jar;C:\Users\EasyLife\OneDrive\Desktop\hidaya\javafx-sdk-19\lib\javafx.fxml.jar;C:\Users\EasyLife\OneDrive\Desktop\hidaya\javafx-sdk-19\lib\javafx.graphics.jar;C:\Users\EasyLife\OneDrive\Desktop\hidaya\javafx-sdk-19\lib\javafx.media.jar;C:\Users\EasyLife\OneDrive\Desktop\hidaya\javafx-sdk-19\lib\javafx.swing.jar;C:\Users\EasyLife\OneDrive\Desktop\hidaya\javafx-sdk-19\lib\javafx.web.jar;C:\Users\EasyLife\OneDrive\Desktop\hidaya\javafx-sdk-19\lib\javafx-swt.jar;C:\Users\EasyLife\Downloads\mysql-connector-java-5.1.47.jar -XX:+ShowCodeDetailsInExceptionMessages -Djdk.module.main=Library_Data Library_Data/application.Main

Host: Intel(R) Core(TM) i7-10750H CPU @ 2.60GHz, 12 cores, 15G,  Windows 11 , 64 bit Build 22000 (10.0.22000.1335)
Time: Sat Jan 28 17:10:28 2023 Jerusalem Standard Time elapsed time: 1.427054 seconds (0d 0h 0m 1s)

---------------  T H R E A D  ---------------

Current thread (0x000001f9f1e865f0):  JavaThread "C2 CompilerThread1" daemon [_thread_in_native, id=18788, stack(0x00000013b9800000,0x00000013b9900000)]


Current CompileTask:
C2:   1427 1096   !   4       com.sun.javafx.css.ParsedValueImpl::readBinary (688 bytes)

Stack: [0x00000013b9800000,0x00000013b9900000]
Native frames: (J=compiled Java code, j=interpreted, Vv=VM code, C=native code)
V  [jvm.dll+0x67731a]
V  [jvm.dll+0x832284]
V  [jvm.dll+0x833a2e]
V  [jvm.dll+0x834093]
V  [jvm.dll+0x245775]
V  [jvm.dll+0xabfc0]
V  [jvm.dll+0xac30c]
V  [jvm.dll+0x11dae8]
V  [jvm.dll+0x6a0691]
V  [jvm.dll+0x1bc004]
V  [jvm.dll+0x2187d9]
V  [jvm.dll+0x217aa1]
V  [jvm.dll+0x1a3f8d]
V  [jvm.dll+0x227498]
V  [jvm.dll+0x2255e5]
V  [jvm.dll+0x7e7e9b]
V  [jvm.dll+0x7e240a]
V  [jvm.dll+0x6761a5]
C  [ucrtbase.dll+0x26c0c]
C  [KERNEL32.DLL+0x155a0]
C  [ntdll.dll+0x485b]


---------------  P R O C E S S  ---------------

Threads class SMR info:
_java_thread_list=0x000001f9f1e5aa60, length=18, elements={
0x000001f9ca685d00, 0x000001f9ec029ab0, 0x000001f9ec02c380, 0x000001f9ec0884c0,
0x000001f9ec088d80, 0x000001f9ec089640, 0x000001f9ec097420, 0x000001f9ec099c30,
0x000001f9ec09a1f0, 0x000001f9ec0aa6e0, 0x000001f9eb55c7c0, 0x000001f9ec78a500,
0x000001f9ec5b6610, 0x000001f9ec69e6a0, 0x000001f9ec9fbe90, 0x000001f9f1d150a0,
0x000001f9ecbc1760, 0x000001f9f1e865f0
}

Java Threads: ( => current thread )
  0x000001f9ca685d00 JavaThread "main" [_thread_blocked, id=11908, stack(0x00000013b7800000,0x00000013b7900000)]
  0x000001f9ec029ab0 JavaThread "Reference Handler" daemon [_thread_blocked, id=42524, stack(0x00000013b7f00000,0x00000013b8000000)]
  0x000001f9ec02c380 JavaThread "Finalizer" daemon [_thread_blocked, id=1932, stack(0x00000013b8000000,0x00000013b8100000)]
  0x000001f9ec0884c0 JavaThread "Signal Dispatcher" daemon [_thread_blocked, id=27948, stack(0x00000013b8100000,0x00000013b8200000)]
  0x000001f9ec088d80 JavaThread "Attach Listener" daemon [_thread_blocked, id=42956, stack(0x00000013b8200000,0x00000013b8300000)]
  0x000001f9ec089640 JavaThread "Service Thread" daemon [_thread_blocked, id=31408, stack(0x00000013b8300000,0x00000013b8400000)]
  0x000001f9ec097420 JavaThread "Monitor Deflation Thread" daemon [_thread_blocked, id=32324, stack(0x00000013b8400000,0x00000013b8500000)]
  0x000001f9ec099c30 JavaThread "C2 CompilerThread0" daemon [_thread_blocked, id=41936, stack(0x00000013b8500000,0x00000013b8600000)]
  0x000001f9ec09a1f0 JavaThread "C1 CompilerThread0" daemon [_thread_blocked, id=30116, stack(0x00000013b8600000,0x00000013b8700000)]
  0x000001f9ec0aa6e0 JavaThread "Sweeper thread" daemon [_thread_blocked, id=42536, stack(0x00000013b8700000,0x00000013b8800000)]
  0x000001f9eb55c7c0 JavaThread "Common-Cleaner" daemon [_thread_blocked, id=37812, stack(0x00000013b8800000,0x00000013b8900000)]
  0x000001f9ec78a500 JavaThread "Notification Thread" daemon [_thread_blocked, id=22160, stack(0x00000013b8b00000,0x00000013b8c00000)]
  0x000001f9ec5b6610 JavaThread "QuantumRenderer-0" daemon [_thread_blocked, id=34864, stack(0x00000013b8900000,0x00000013b8a00000)]
  0x000001f9ec69e6a0 JavaThread "InvokeLaterDispatcher" daemon [_thread_blocked, id=8368, stack(0x00000013b8a00000,0x00000013b8b00000)]
  0x000001f9ec9fbe90 JavaThread "JavaFX Application Thread" [_thread_in_native, id=42892, stack(0x00000013b8d00000,0x00000013b8e00000)]
  0x000001f9f1d150a0 JavaThread "JavaFX-Launcher" [_thread_blocked, id=21404, stack(0x00000013b9200000,0x00000013b9300000)]
  0x000001f9ecbc1760 JavaThread "Thread-2" daemon [_thread_in_native, id=43320, stack(0x00000013b9100000,0x00000013b9200000)]
=>0x000001f9f1e865f0 JavaThread "C2 CompilerThread1" daemon [_thread_in_native, id=18788, stack(0x00000013b9800000,0x00000013b9900000)]

Other Threads:
  0x000001f9ec0250d0 VMThread "VM Thread" [stack: 0x00000013b7e00000,0x00000013b7f00000] [id=41600]
  0x000001f9ca712660 WatcherThread [stack: 0x00000013b8c00000,0x00000013b8d00000] [id=38124]
  0x000001f9ca6f0c10 GCTaskThread "GC Thread#0" [stack: 0x00000013b7900000,0x00000013b7a00000] [id=36828]
  0x000001f9ecbc1c30 GCTaskThread "GC Thread#1" [stack: 0x00000013b9300000,0x00000013b9400000] [id=43344]
  0x000001f9ecbfb7e0 GCTaskThread "GC Thread#2" [stack: 0x00000013b9400000,0x00000013b9500000] [id=43744]
  0x000001f9f1dad300 GCTaskThread "GC Thread#3" [stack: 0x00000013b9500000,0x00000013b9600000] [id=36024]
  0x000001f9f1dedbb0 GCTaskThread "GC Thread#4" [stack: 0x00000013b9600000,0x00000013b9700000] [id=42064]
  0x000001f9f1dede60 GCTaskThread "GC Thread#5" [stack: 0x00000013b9700000,0x00000013b9800000] [id=42696]
  0x000001f9ca7020b0 ConcurrentGCThread "G1 Main Marker" [stack: 0x00000013b7a00000,0x00000013b7b00000] [id=13508]
  0x000001f9ca702fe0 ConcurrentGCThread "G1 Conc#0" [stack: 0x00000013b7b00000,0x00000013b7c00000] [id=8372]
  0x000001f9ca74ec90 ConcurrentGCThread "G1 Refine#0" [stack: 0x00000013b7c00000,0x00000013b7d00000] [id=43696]
  0x000001f9eb4255f0 ConcurrentGCThread "G1 Service" [stack: 0x00000013b7d00000,0x00000013b7e00000] [id=10280]

Threads with active compile tasks:
C2 CompilerThread1     1446 1096   !   4       com.sun.javafx.css.ParsedValueImpl::readBinary (688 bytes)

VM state: not at safepoint (normal execution)

VM Mutex/Monitor currently owned by a thread: None

Heap address: 0x0000000702c00000, size: 4052 MB, Compressed Oops mode: Zero based, Oop shift amount: 3

CDS archive(s) not mapped
Compressed class space mapped at: 0x0000000800000000-0x0000000840000000, reserved size: 1073741824
Narrow klass base: 0x0000000800000000, Narrow klass shift: 0, Narrow klass range: 0x40000000

GC Precious Log:
 CPUs: 12 total, 12 available
 Memory: 16205M
 Large Page Support: Disabled
 NUMA Support: Disabled
 Compressed Oops: Enabled (Zero based)
 Heap Region Size: 2M
 Heap Min Capacity: 8M
 Heap Initial Capacity: 254M
 Heap Max Capacity: 4052M
 Pre-touch: Disabled
 Parallel Workers: 10
 Concurrent Workers: 3
 Concurrent Refinement Workers: 10
 Periodic GC: Disabled

Heap:
 garbage-first heap   total 260096K, used 27478K [0x0000000702c00000, 0x0000000800000000)
  region size 2048K, 10 young (20480K), 2 survivors (4096K)
 Metaspace       used 16657K, committed 16896K, reserved 1064960K
  class space    used 1957K, committed 2048K, reserved 1048576K

Heap Regions: E=young(eden), S=young(survivor), O=old, HS=humongous(starts), HC=humongous(continues), CS=collection set, F=free, OA=open archive, CA=closed archive, TAMS=top-at-mark-start (previous, next)
|   0|0x0000000702c00000, 0x0000000702e00000, 0x0000000702e00000|100%|HS|  |TAMS 0x0000000702c00000, 0x0000000702c00000| Complete 
|   1|0x0000000702e00000, 0x0000000703000000, 0x0000000703000000|100%|HS|  |TAMS 0x0000000702e00000, 0x0000000702e00000| Complete 
|   2|0x0000000703000000, 0x0000000703200000, 0x0000000703200000|100%|HS|  |TAMS 0x0000000703000000, 0x0000000703000000| Complete 
|   3|0x0000000703200000, 0x0000000703400000, 0x0000000703400000|100%|HS|  |TAMS 0x0000000703200000, 0x0000000703200000| Complete 
|   4|0x0000000703400000, 0x0000000703600000, 0x0000000703600000|100%|HS|  |TAMS 0x0000000703400000, 0x0000000703400000| Complete 
|   5|0x0000000703600000, 0x0000000703600000, 0x0000000703800000|  0%| F|  |TAMS 0x0000000703600000, 0x0000000703600000| Untracked 
|   6|0x0000000703800000, 0x0000000703800000, 0x0000000703a00000|  0%| F|  |TAMS 0x0000000703800000, 0x0000000703800000| Untracked 
|   7|0x0000000703a00000, 0x0000000703a00000, 0x0000000703c00000|  0%| F|  |TAMS 0x0000000703a00000, 0x0000000703a00000| Untracked 
|   8|0x0000000703c00000, 0x0000000703c00000, 0x0000000703e00000|  0%| F|  |TAMS 0x0000000703c00000, 0x0000000703c00000| Untracked 
|   9|0x0000000703e00000, 0x0000000703e00000, 0x0000000704000000|  0%| F|  |TAMS 0x0000000703e00000, 0x0000000703e00000| Untracked 
|  10|0x0000000704000000, 0x0000000704000000, 0x0000000704200000|  0%| F|  |TAMS 0x0000000704000000, 0x0000000704000000| Untracked 
|  11|0x0000000704200000, 0x0000000704200000, 0x0000000704400000|  0%| F|  |TAMS 0x0000000704200000, 0x0000000704200000| Untracked 
|  12|0x0000000704400000, 0x0000000704400000, 0x0000000704600000|  0%| F|  |TAMS 0x0000000704400000, 0x0000000704400000| Untracked 
|  13|0x0000000704600000, 0x0000000704600000, 0x0000000704800000|  0%| F|  |TAMS 0x0000000704600000, 0x0000000704600000| Untracked 
|  14|0x0000000704800000, 0x0000000704800000, 0x0000000704a00000|  0%| F|  |TAMS 0x0000000704800000, 0x0000000704800000| Untracked 
|  15|0x0000000704a00000, 0x0000000704a00000, 0x0000000704c00000|  0%| F|  |TAMS 0x0000000704a00000, 0x0000000704a00000| Untracked 
|  16|0x0000000704c00000, 0x0000000704c00000, 0x0000000704e00000|  0%| F|  |TAMS 0x0000000704c00000, 0x0000000704c00000| Untracked 
|  17|0x0000000704e00000, 0x0000000704e00000, 0x0000000705000000|  0%| F|  |TAMS 0x0000000704e00000, 0x0000000704e00000| Untracked 
|  18|0x0000000705000000, 0x0000000705000000, 0x0000000705200000|  0%| F|  |TAMS 0x0000000705000000, 0x0000000705000000| Untracked 
|  19|0x0000000705200000, 0x0000000705200000, 0x0000000705400000|  0%| F|  |TAMS 0x0000000705200000, 0x0000000705200000| Untracked 
|  20|0x0000000705400000, 0x0000000705400000, 0x0000000705600000|  0%| F|  |TAMS 0x0000000705400000, 0x0000000705400000| Untracked 
|  21|0x0000000705600000, 0x0000000705600000, 0x0000000705800000|  0%| F|  |TAMS 0x0000000705600000, 0x0000000705600000| Untracked 
|  22|0x0000000705800000, 0x0000000705800000, 0x0000000705a00000|  0%| F|  |TAMS 0x0000000705800000, 0x0000000705800000| Untracked 
|  23|0x0000000705a00000, 0x0000000705a00000, 0x0000000705c00000|  0%| F|  |TAMS 0x0000000705a00000, 0x0000000705a00000| Untracked 
|  24|0x0000000705c00000, 0x0000000705c00000, 0x0000000705e00000|  0%| F|  |TAMS 0x0000000705c00000, 0x0000000705c00000| Untracked 
|  25|0x0000000705e00000, 0x0000000705e00000, 0x0000000706000000|  0%| F|  |TAMS 0x0000000705e00000, 0x0000000705e00000| Untracked 
|  26|0x0000000706000000, 0x0000000706000000, 0x0000000706200000|  0%| F|  |TAMS 0x0000000706000000, 0x0000000706000000| Untracked 
|  27|0x0000000706200000, 0x0000000706200000, 0x0000000706400000|  0%| F|  |TAMS 0x0000000706200000, 0x0000000706200000| Untracked 
|  28|0x0000000706400000, 0x0000000706400000, 0x0000000706600000|  0%| F|  |TAMS 0x0000000706400000, 0x0000000706400000| Untracked 
|  29|0x0000000706600000, 0x0000000706600000, 0x0000000706800000|  0%| F|  |TAMS 0x0000000706600000, 0x0000000706600000| Untracked 
|  30|0x0000000706800000, 0x0000000706800000, 0x0000000706a00000|  0%| F|  |TAMS 0x0000000706800000, 0x0000000706800000| Untracked 
|  31|0x0000000706a00000, 0x0000000706a00000, 0x0000000706c00000|  0%| F|  |TAMS 0x0000000706a00000, 0x0000000706a00000| Untracked 
|  32|0x0000000706c00000, 0x0000000706c00000, 0x0000000706e00000|  0%| F|  |TAMS 0x0000000706c00000, 0x0000000706c00000| Untracked 
|  33|0x0000000706e00000, 0x0000000706e00000, 0x0000000707000000|  0%| F|  |TAMS 0x0000000706e00000, 0x0000000706e00000| Untracked 
|  34|0x0000000707000000, 0x0000000707000000, 0x0000000707200000|  0%| F|  |TAMS 0x0000000707000000, 0x0000000707000000| Untracked 
|  35|0x0000000707200000, 0x0000000707200000, 0x0000000707400000|  0%| F|  |TAMS 0x0000000707200000, 0x0000000707200000| Untracked 
|  36|0x0000000707400000, 0x0000000707400000, 0x0000000707600000|  0%| F|  |TAMS 0x0000000707400000, 0x0000000707400000| Untracked 
|  37|0x0000000707600000, 0x0000000707600000, 0x0000000707800000|  0%| F|  |TAMS 0x0000000707600000, 0x0000000707600000| Untracked 
|  38|0x0000000707800000, 0x0000000707800000, 0x0000000707a00000|  0%| F|  |TAMS 0x0000000707800000, 0x0000000707800000| Untracked 
|  39|0x0000000707a00000, 0x0000000707a00000, 0x0000000707c00000|  0%| F|  |TAMS 0x0000000707a00000, 0x0000000707a00000| Untracked 
|  40|0x0000000707c00000, 0x0000000707c00000, 0x0000000707e00000|  0%| F|  |TAMS 0x0000000707c00000, 0x0000000707c00000| Untracked 
|  41|0x0000000707e00000, 0x0000000707e00000, 0x0000000708000000|  0%| F|  |TAMS 0x0000000707e00000, 0x0000000707e00000| Untracked 
|  42|0x0000000708000000, 0x0000000708000000, 0x0000000708200000|  0%| F|  |TAMS 0x0000000708000000, 0x0000000708000000| Untracked 
|  43|0x0000000708200000, 0x0000000708200000, 0x0000000708400000|  0%| F|  |TAMS 0x0000000708200000, 0x0000000708200000| Untracked 
|  44|0x0000000708400000, 0x0000000708400000, 0x0000000708600000|  0%| F|  |TAMS 0x0000000708400000, 0x0000000708400000| Untracked 
|  45|0x0000000708600000, 0x0000000708600000, 0x0000000708800000|  0%| F|  |TAMS 0x0000000708600000, 0x0000000708600000| Untracked 
|  46|0x0000000708800000, 0x0000000708800000, 0x0000000708a00000|  0%| F|  |TAMS 0x0000000708800000, 0x0000000708800000| Untracked 
|  47|0x0000000708a00000, 0x0000000708a00000, 0x0000000708c00000|  0%| F|  |TAMS 0x0000000708a00000, 0x0000000708a00000| Untracked 
|  48|0x0000000708c00000, 0x0000000708c00000, 0x0000000708e00000|  0%| F|  |TAMS 0x0000000708c00000, 0x0000000708c00000| Untracked 
|  49|0x0000000708e00000, 0x0000000708e00000, 0x0000000709000000|  0%| F|  |TAMS 0x0000000708e00000, 0x0000000708e00000| Untracked 
|  50|0x0000000709000000, 0x0000000709000000, 0x0000000709200000|  0%| F|  |TAMS 0x0000000709000000, 0x0000000709000000| Untracked 
|  51|0x0000000709200000, 0x0000000709200000, 0x0000000709400000|  0%| F|  |TAMS 0x0000000709200000, 0x0000000709200000| Untracked 
|  52|0x0000000709400000, 0x0000000709400000, 0x0000000709600000|  0%| F|  |TAMS 0x0000000709400000, 0x0000000709400000| Untracked 
|  53|0x0000000709600000, 0x0000000709600000, 0x0000000709800000|  0%| F|  |TAMS 0x0000000709600000, 0x0000000709600000| Untracked 
|  54|0x0000000709800000, 0x0000000709800000, 0x0000000709a00000|  0%| F|  |TAMS 0x0000000709800000, 0x0000000709800000| Untracked 
|  55|0x0000000709a00000, 0x0000000709a00000, 0x0000000709c00000|  0%| F|  |TAMS 0x0000000709a00000, 0x0000000709a00000| Untracked 
|  56|0x0000000709c00000, 0x0000000709c00000, 0x0000000709e00000|  0%| F|  |TAMS 0x0000000709c00000, 0x0000000709c00000| Untracked 
|  57|0x0000000709e00000, 0x0000000709e00000, 0x000000070a000000|  0%| F|  |TAMS 0x0000000709e00000, 0x0000000709e00000| Untracked 
|  58|0x000000070a000000, 0x000000070a000000, 0x000000070a200000|  0%| F|  |TAMS 0x000000070a000000, 0x000000070a000000| Untracked 
|  59|0x000000070a200000, 0x000000070a200000, 0x000000070a400000|  0%| F|  |TAMS 0x000000070a200000, 0x000000070a200000| Untracked 
|  60|0x000000070a400000, 0x000000070a400000, 0x000000070a600000|  0%| F|  |TAMS 0x000000070a400000, 0x000000070a400000| Untracked 
|  61|0x000000070a600000, 0x000000070a600000, 0x000000070a800000|  0%| F|  |TAMS 0x000000070a600000, 0x000000070a600000| Untracked 
|  62|0x000000070a800000, 0x000000070a800000, 0x000000070aa00000|  0%| F|  |TAMS 0x000000070a800000, 0x000000070a800000| Untracked 
|  63|0x000000070aa00000, 0x000000070aa00000, 0x000000070ac00000|  0%| F|  |TAMS 0x000000070aa00000, 0x000000070aa00000| Untracked 
|  64|0x000000070ac00000, 0x000000070ac00000, 0x000000070ae00000|  0%| F|  |TAMS 0x000000070ac00000, 0x000000070ac00000| Untracked 
|  65|0x000000070ae00000, 0x000000070ae00000, 0x000000070b000000|  0%| F|  |TAMS 0x000000070ae00000, 0x000000070ae00000| Untracked 
|  66|0x000000070b000000, 0x000000070b000000, 0x000000070b200000|  0%| F|  |TAMS 0x000000070b000000, 0x000000070b000000| Untracked 
|  67|0x000000070b200000, 0x000000070b200000, 0x000000070b400000|  0%| F|  |TAMS 0x000000070b200000, 0x000000070b200000| Untracked 
|  68|0x000000070b400000, 0x000000070b400000, 0x000000070b600000|  0%| F|  |TAMS 0x000000070b400000, 0x000000070b400000| Untracked 
|  69|0x000000070b600000, 0x000000070b600000, 0x000000070b800000|  0%| F|  |TAMS 0x000000070b600000, 0x000000070b600000| Untracked 
|  70|0x000000070b800000, 0x000000070b800000, 0x000000070ba00000|  0%| F|  |TAMS 0x000000070b800000, 0x000000070b800000| Untracked 
|  71|0x000000070ba00000, 0x000000070ba00000, 0x000000070bc00000|  0%| F|  |TAMS 0x000000070ba00000, 0x000000070ba00000| Untracked 
|  72|0x000000070bc00000, 0x000000070bc00000, 0x000000070be00000|  0%| F|  |TAMS 0x000000070bc00000, 0x000000070bc00000| Untracked 
|  73|0x000000070be00000, 0x000000070be00000, 0x000000070c000000|  0%| F|  |TAMS 0x000000070be00000, 0x000000070be00000| Untracked 
|  74|0x000000070c000000, 0x000000070c000000, 0x000000070c200000|  0%| F|  |TAMS 0x000000070c000000, 0x000000070c000000| Untracked 
|  75|0x000000070c200000, 0x000000070c200000, 0x000000070c400000|  0%| F|  |TAMS 0x000000070c200000, 0x000000070c200000| Untracked 
|  76|0x000000070c400000, 0x000000070c400000, 0x000000070c600000|  0%| F|  |TAMS 0x000000070c400000, 0x000000070c400000| Untracked 
|  77|0x000000070c600000, 0x000000070c600000, 0x000000070c800000|  0%| F|  |TAMS 0x000000070c600000, 0x000000070c600000| Untracked 
|  78|0x000000070c800000, 0x000000070c800000, 0x000000070ca00000|  0%| F|  |TAMS 0x000000070c800000, 0x000000070c800000| Untracked 
|  79|0x000000070ca00000, 0x000000070ca00000, 0x000000070cc00000|  0%| F|  |TAMS 0x000000070ca00000, 0x000000070ca00000| Untracked 
|  80|0x000000070cc00000, 0x000000070cc00000, 0x000000070ce00000|  0%| F|  |TAMS 0x000000070cc00000, 0x000000070cc00000| Untracked 
|  81|0x000000070ce00000, 0x000000070ce00000, 0x000000070d000000|  0%| F|  |TAMS 0x000000070ce00000, 0x000000070ce00000| Untracked 
|  82|0x000000070d000000, 0x000000070d000000, 0x000000070d200000|  0%| F|  |TAMS 0x000000070d000000, 0x000000070d000000| Untracked 
|  83|0x000000070d200000, 0x000000070d200000, 0x000000070d400000|  0%| F|  |TAMS 0x000000070d200000, 0x000000070d200000| Untracked 
|  84|0x000000070d400000, 0x000000070d400000, 0x000000070d600000|  0%| F|  |TAMS 0x000000070d400000, 0x000000070d400000| Untracked 
|  85|0x000000070d600000, 0x000000070d600000, 0x000000070d800000|  0%| F|  |TAMS 0x000000070d600000, 0x000000070d600000| Untracked 
|  86|0x000000070d800000, 0x000000070d800000, 0x000000070da00000|  0%| F|  |TAMS 0x000000070d800000, 0x000000070d800000| Untracked 
|  87|0x000000070da00000, 0x000000070da00000, 0x000000070dc00000|  0%| F|  |TAMS 0x000000070da00000, 0x000000070da00000| Untracked 
|  88|0x000000070dc00000, 0x000000070dc00000, 0x000000070de00000|  0%| F|  |TAMS 0x000000070dc00000, 0x000000070dc00000| Untracked 
|  89|0x000000070de00000, 0x000000070de00000, 0x000000070e000000|  0%| F|  |TAMS 0x000000070de00000, 0x000000070de00000| Untracked 
|  90|0x000000070e000000, 0x000000070e000000, 0x000000070e200000|  0%| F|  |TAMS 0x000000070e000000, 0x000000070e000000| Untracked 
|  91|0x000000070e200000, 0x000000070e200000, 0x000000070e400000|  0%| F|  |TAMS 0x000000070e200000, 0x000000070e200000| Untracked 
|  92|0x000000070e400000, 0x000000070e400000, 0x000000070e600000|  0%| F|  |TAMS 0x000000070e400000, 0x000000070e400000| Untracked 
|  93|0x000000070e600000, 0x000000070e600000, 0x000000070e800000|  0%| F|  |TAMS 0x000000070e600000, 0x000000070e600000| Untracked 
|  94|0x000000070e800000, 0x000000070e800000, 0x000000070ea00000|  0%| F|  |TAMS 0x000000070e800000, 0x000000070e800000| Untracked 
|  95|0x000000070ea00000, 0x000000070ea00000, 0x000000070ec00000|  0%| F|  |TAMS 0x000000070ea00000, 0x000000070ea00000| Untracked 
|  96|0x000000070ec00000, 0x000000070ec00000, 0x000000070ee00000|  0%| F|  |TAMS 0x000000070ec00000, 0x000000070ec00000| Untracked 
|  97|0x000000070ee00000, 0x000000070ee00000, 0x000000070f000000|  0%| F|  |TAMS 0x000000070ee00000, 0x000000070ee00000| Untracked 
|  98|0x000000070f000000, 0x000000070f000000, 0x000000070f200000|  0%| F|  |TAMS 0x000000070f000000, 0x000000070f000000| Untracked 
|  99|0x000000070f200000, 0x000000070f200000, 0x000000070f400000|  0%| F|  |TAMS 0x000000070f200000, 0x000000070f200000| Untracked 
| 100|0x000000070f400000, 0x000000070f400000, 0x000000070f600000|  0%| F|  |TAMS 0x000000070f400000, 0x000000070f400000| Untracked 
| 101|0x000000070f600000, 0x000000070f600000, 0x000000070f800000|  0%| F|  |TAMS 0x000000070f600000, 0x000000070f600000| Untracked 
| 102|0x000000070f800000, 0x000000070f800000, 0x000000070fa00000|  0%| F|  |TAMS 0x000000070f800000, 0x000000070f800000| Untracked 
| 103|0x000000070fa00000, 0x000000070fa00000, 0x000000070fc00000|  0%| F|  |TAMS 0x000000070fa00000, 0x000000070fa00000| Untracked 
| 104|0x000000070fc00000, 0x000000070fc00000, 0x000000070fe00000|  0%| F|  |TAMS 0x000000070fc00000, 0x000000070fc00000| Untracked 
| 105|0x000000070fe00000, 0x000000070fe00000, 0x0000000710000000|  0%| F|  |TAMS 0x000000070fe00000, 0x000000070fe00000| Untracked 
| 106|0x0000000710000000, 0x0000000710000000, 0x0000000710200000|  0%| F|  |TAMS 0x0000000710000000, 0x0000000710000000| Untracked 
| 107|0x0000000710200000, 0x0000000710200000, 0x0000000710400000|  0%| F|  |TAMS 0x0000000710200000, 0x0000000710200000| Untracked 
| 108|0x0000000710400000, 0x0000000710400000, 0x0000000710600000|  0%| F|  |TAMS 0x0000000710400000, 0x0000000710400000| Untracked 
| 109|0x0000000710600000, 0x0000000710600000, 0x0000000710800000|  0%| F|  |TAMS 0x0000000710600000, 0x0000000710600000| Untracked 
| 110|0x0000000710800000, 0x0000000710800000, 0x0000000710a00000|  0%| F|  |TAMS 0x0000000710800000, 0x0000000710800000| Untracked 
| 111|0x0000000710a00000, 0x0000000710a00000, 0x0000000710c00000|  0%| F|  |TAMS 0x0000000710a00000, 0x0000000710a00000| Untracked 
| 112|0x0000000710c00000, 0x0000000710c00000, 0x0000000710e00000|  0%| F|  |TAMS 0x0000000710c00000, 0x0000000710c00000| Untracked 
| 113|0x0000000710e00000, 0x0000000710e00000, 0x0000000711000000|  0%| F|  |TAMS 0x0000000710e00000, 0x0000000710e00000| Untracked 
| 114|0x0000000711000000, 0x00000007110d59a8, 0x0000000711200000| 41%| S|CS|TAMS 0x0000000711000000, 0x0000000711000000| Complete 
| 115|0x0000000711200000, 0x0000000711400000, 0x0000000711400000|100%| S|CS|TAMS 0x0000000711200000, 0x0000000711200000| Complete 
| 116|0x0000000711400000, 0x0000000711400000, 0x0000000711600000|  0%| F|  |TAMS 0x0000000711400000, 0x0000000711400000| Untracked 
| 117|0x0000000711600000, 0x0000000711600000, 0x0000000711800000|  0%| F|  |TAMS 0x0000000711600000, 0x0000000711600000| Untracked 
| 118|0x0000000711800000, 0x0000000711800000, 0x0000000711a00000|  0%| F|  |TAMS 0x0000000711800000, 0x0000000711800000| Untracked 
| 119|0x0000000711a00000, 0x0000000711b9ef58, 0x0000000711c00000| 81%| E|  |TAMS 0x0000000711a00000, 0x0000000711a00000| Complete 
| 120|0x0000000711c00000, 0x0000000711e00000, 0x0000000711e00000|100%| E|CS|TAMS 0x0000000711c00000, 0x0000000711c00000| Complete 
| 121|0x0000000711e00000, 0x0000000712000000, 0x0000000712000000|100%| E|CS|TAMS 0x0000000711e00000, 0x0000000711e00000| Complete 
| 122|0x0000000712000000, 0x0000000712200000, 0x0000000712200000|100%| E|CS|TAMS 0x0000000712000000, 0x0000000712000000| Complete 
| 123|0x0000000712200000, 0x0000000712400000, 0x0000000712400000|100%| E|CS|TAMS 0x0000000712200000, 0x0000000712200000| Complete 
| 124|0x0000000712400000, 0x0000000712600000, 0x0000000712600000|100%| E|CS|TAMS 0x0000000712400000, 0x0000000712400000| Complete 
| 125|0x0000000712600000, 0x0000000712800000, 0x0000000712800000|100%| E|CS|TAMS 0x0000000712600000, 0x0000000712600000| Complete 
| 126|0x0000000712800000, 0x0000000712a00000, 0x0000000712a00000|100%| E|CS|TAMS 0x0000000712800000, 0x0000000712800000| Complete 

Card table byte_map: [0x000001f9df9d0000,0x000001f9e01c0000] _byte_map_base: 0x000001f9dc1ba000

Marking Bits (Prev, Next): (CMBitMap*) 0x000001f9ca6f1140, (CMBitMap*) 0x000001f9ca6f1180
 Prev Bits: [0x000001f9e09b0000, 0x000001f9e4900000)
 Next Bits: [0x000001f9e4900000, 0x000001f9e8850000)

Polling page: 0x000001f9ca750000

Metaspace:

Usage:
  Non-class:     14.36 MB used.
      Class:      1.91 MB used.
       Both:     16.27 MB used.

Virtual space:
  Non-class space:       16.00 MB reserved,      14.50 MB ( 91%) committed,  2 nodes.
      Class space:        1.00 GB reserved,       2.00 MB ( <1%) committed,  1 nodes.
             Both:        1.02 GB reserved,      16.50 MB (  2%) committed. 

Chunk freelists:
   Non-Class:  1.54 MB
       Class:  1.97 MB
        Both:  3.51 MB

MaxMetaspaceSize: unlimited
CompressedClassSpaceSize: 1.00 GB
Initial GC threshold: 21.00 MB
Current GC threshold: 21.00 MB
CDS: off
MetaspaceReclaimPolicy: balanced
 - commit_granule_bytes: 65536.
 - commit_granule_words: 8192.
 - virtual_space_node_default_size: 1048576.
 - enlarge_chunks_in_place: 1.
 - new_chunks_are_fully_committed: 0.
 - uncommit_free_chunks: 1.
 - use_allocation_guard: 0.
 - handle_deallocations: 1.


Internal statistics:

num_allocs_failed_limit: 0.
num_arena_births: 130.
num_arena_deaths: 0.
num_vsnodes_births: 3.
num_vsnodes_deaths: 0.
num_space_committed: 264.
num_space_uncommitted: 0.
num_chunks_returned_to_freelist: 0.
num_chunks_taken_from_freelist: 418.
num_chunk_merges: 0.
num_chunk_splits: 291.
num_chunks_enlarged: 231.
num_purges: 0.
num_inconsistent_stats: 0.

CodeHeap 'non-profiled nmethods': size=120000Kb used=409Kb max_used=409Kb free=119590Kb
 bounds [0x000001f9d7010000, 0x000001f9d7280000, 0x000001f9de540000]
CodeHeap 'profiled nmethods': size=120000Kb used=2089Kb max_used=2089Kb free=117910Kb
 bounds [0x000001f9cfae0000, 0x000001f9cfd50000, 0x000001f9d7010000]
CodeHeap 'non-nmethods': size=5760Kb used=1277Kb max_used=1296Kb free=4482Kb
 bounds [0x000001f9cf540000, 0x000001f9cf7b0000, 0x000001f9cfae0000]
 total_blobs=1864 nmethods=1263 adapters=514
 compilation: enabled
              stopped_count=0, restarted_count=0
 full_count=0

Compilation events (20 events):
Event: 1.261 Thread 0x000001f9ec09a1f0 nmethod 1257 0x000001f9cfce7790 code [0x000001f9cfce7960, 0x000001f9cfce7de8]
Event: 1.261 Thread 0x000001f9ec09a1f0 1259       3       java.lang.reflect.AccessibleObject::verifyAccess (55 bytes)
Event: 1.262 Thread 0x000001f9ec09a1f0 nmethod 1259 0x000001f9cfce7f90 code [0x000001f9cfce81e0, 0x000001f9cfce8de8]
Event: 1.262 Thread 0x000001f9ec09a1f0 1258       3       com.sun.javafx.binding.ExpressionHelper::fireValueChangedEvent (9 bytes)
Event: 1.262 Thread 0x000001f9ec09a1f0 nmethod 1258 0x000001f9cfce9090 code [0x000001f9cfce9240, 0x000001f9cfce9428]
Event: 1.266 Thread 0x000001f9ec09a1f0 1261       3       com.sun.org.apache.xerces.internal.impl.XMLDocumentFragmentScannerImpl::getCharacterData (17 bytes)
Event: 1.266 Thread 0x000001f9ec09a1f0 nmethod 1261 0x000001f9cfce9510 code [0x000001f9cfce96a0, 0x000001f9cfce9838]
Event: 1.266 Thread 0x000001f9ec09a1f0 1262       3       java.util.LinkedList$ListItr::hasNext (20 bytes)
Event: 1.267 Thread 0x000001f9ec09a1f0 nmethod 1262 0x000001f9cfce9910 code [0x000001f9cfce9aa0, 0x000001f9cfce9c18]
Event: 1.269 Thread 0x000001f9ec09a1f0 1263       3       java.util.concurrent.locks.AbstractQueuedSynchronizer::releaseShared (19 bytes)
Event: 1.269 Thread 0x000001f9ec09a1f0 nmethod 1263 0x000001f9cfce9d10 code [0x000001f9cfce9f00, 0x000001f9cfcea388]
Event: 1.308 Thread 0x000001f9ec099c30 nmethod 1219% 0x000001f9d7073410 code [0x000001f9d70735a0, 0x000001f9d70745b8]
Event: 1.308 Thread 0x000001f9ec099c30 1256       4       com.sun.javafx.iio.png.PNGImageLoader2::doPaethFilter (91 bytes)
Event: 1.318 Thread 0x000001f9ec099c30 nmethod 1256 0x000001f9d7074990 code [0x000001f9d7074b20, 0x000001f9d70750f8]
Event: 1.318 Thread 0x000001f9ec099c30 1260 %     4       com.sun.javafx.iio.png.PNGImageLoader2::doAvrgFilter @ 42 (87 bytes)
Event: 1.320 Thread 0x000001f9ec099c30 nmethod 1260% 0x000001f9d7075290 code [0x000001f9d7075420, 0x000001f9d7075638]
Event: 1.320 Thread 0x000001f9ec099c30 1232       4       com.sun.javafx.image.impl.ByteBgra$ToByteBgraPreConv::doConvert (214 bytes)
Event: 1.323 Thread 0x000001f9ec099c30 nmethod 1232 0x000001f9d7075810 code [0x000001f9d70759a0, 0x000001f9d7075db8]
Event: 1.323 Thread 0x000001f9ec099c30 1244       4       com.sun.javafx.iio.png.PNGImageLoader2::mipPos (10 bytes)
Event: 1.323 Thread 0x000001f9ec099c30 nmethod 1244 0x000001f9d7075f90 code [0x000001f9d7076100, 0x000001f9d70761d8]

GC Heap History (2 events):
Event: 1.005 GC heap before
{Heap before GC invocations=0 (full 0):
 garbage-first heap   total 260096K, used 20480K [0x0000000702c00000, 0x0000000800000000)
  region size 2048K, 11 young (22528K), 0 survivors (0K)
 Metaspace       used 12710K, committed 12864K, reserved 1064960K
  class space    used 1332K, committed 1408K, reserved 1048576K
}
Event: 1.007 GC heap after
{Heap after GC invocations=1 (full 0):
 garbage-first heap   total 260096K, used 2902K [0x0000000702c00000, 0x0000000800000000)
  region size 2048K, 2 young (4096K), 2 survivors (4096K)
 Metaspace       used 12710K, committed 12864K, reserved 1064960K
  class space    used 1332K, committed 1408K, reserved 1048576K
}

Deoptimization events (20 events):
Event: 1.256 Thread 0x000001f9ec9fbe90 DEOPT PACKING pc=0x000001f9cfce21a2 sp=0x00000013b8dfd670
Event: 1.256 Thread 0x000001f9ec9fbe90 DEOPT UNPACKING pc=0x000001f9cf592b43 sp=0x00000013b8dfcb28 mode 0
Event: 1.256 Thread 0x000001f9ec9fbe90 DEOPT PACKING pc=0x000001f9cfce21a2 sp=0x00000013b8dfd670
Event: 1.256 Thread 0x000001f9ec9fbe90 DEOPT UNPACKING pc=0x000001f9cf592b43 sp=0x00000013b8dfcb28 mode 0
Event: 1.256 Thread 0x000001f9ec9fbe90 DEOPT PACKING pc=0x000001f9cfce21a2 sp=0x00000013b8dfd670
Event: 1.256 Thread 0x000001f9ec9fbe90 DEOPT UNPACKING pc=0x000001f9cf592b43 sp=0x00000013b8dfcb28 mode 0
Event: 1.256 Thread 0x000001f9ec9fbe90 DEOPT PACKING pc=0x000001f9cfce21a2 sp=0x00000013b8dfd670
Event: 1.256 Thread 0x000001f9ec9fbe90 DEOPT UNPACKING pc=0x000001f9cf592b43 sp=0x00000013b8dfcb28 mode 0
Event: 1.256 Thread 0x000001f9ec9fbe90 DEOPT PACKING pc=0x000001f9cfce21a2 sp=0x00000013b8dfd670
Event: 1.256 Thread 0x000001f9ec9fbe90 DEOPT UNPACKING pc=0x000001f9cf592b43 sp=0x00000013b8dfcb28 mode 0
Event: 1.256 Thread 0x000001f9ec9fbe90 DEOPT PACKING pc=0x000001f9cfce21a2 sp=0x00000013b8dfd670
Event: 1.256 Thread 0x000001f9ec9fbe90 DEOPT UNPACKING pc=0x000001f9cf592b43 sp=0x00000013b8dfcb28 mode 0
Event: 1.256 Thread 0x000001f9ec9fbe90 DEOPT PACKING pc=0x000001f9cfce21a2 sp=0x00000013b8dfd670
Event: 1.256 Thread 0x000001f9ec9fbe90 DEOPT UNPACKING pc=0x000001f9cf592b43 sp=0x00000013b8dfcb28 mode 0
Event: 1.257 Thread 0x000001f9ec9fbe90 DEOPT PACKING pc=0x000001f9cfce21a2 sp=0x00000013b8dfd670
Event: 1.257 Thread 0x000001f9ec9fbe90 DEOPT UNPACKING pc=0x000001f9cf592b43 sp=0x00000013b8dfcb28 mode 0
Event: 1.257 Thread 0x000001f9ec9fbe90 DEOPT PACKING pc=0x000001f9cfce21a2 sp=0x00000013b8dfd670
Event: 1.257 Thread 0x000001f9ec9fbe90 DEOPT UNPACKING pc=0x000001f9cf592b43 sp=0x00000013b8dfcb28 mode 0
Event: 1.257 Thread 0x000001f9ec9fbe90 DEOPT PACKING pc=0x000001f9cfce21a2 sp=0x00000013b8dfd670
Event: 1.257 Thread 0x000001f9ec9fbe90 DEOPT UNPACKING pc=0x000001f9cf592b43 sp=0x00000013b8dfcb28 mode 0

Classes unloaded (0 events):
No events

Classes redefined (0 events):
No events

Internal exceptions (20 events):
Event: 0.592 Thread 0x000001f9ca685d00 Exception <a 'java/lang/NoSuchMethodError'{0x0000000712328960}: 'java.lang.Object java.lang.invoke.DirectMethodHandle$Holder.invokeInterface(java.lang.Object, java.lang.Object)'> (0x0000000712328960) 
thrown [s\src\hotspot\share\interpreter\linkResolver.cpp, line 759]
Event: 0.593 Thread 0x000001f9ca685d00 Exception <a 'java/lang/IncompatibleClassChangeError'{0x000000071232beb0}: Found class java.lang.Object, but interface was expected> (0x000000071232beb0) 
thrown [s\src\hotspot\share\interpreter\linkResolver.cpp, line 826]
Event: 0.593 Thread 0x000001f9ca685d00 Exception <a 'java/lang/NoSuchMethodError'{0x000000071232ec78}: 'void java.lang.invoke.DirectMethodHandle$Holder.invokeStatic(java.lang.Object, java.lang.Object, java.lang.Object, java.lang.Object)'> (0x000000071232ec78) 
thrown [s\src\hotspot\share\interpreter\linkResolver.cpp, line 759]
Event: 0.623 Thread 0x000001f9ca685d00 Exception <a 'java/lang/NoSuchMethodError'{0x00000007123fa908}: 'java.lang.Object java.lang.invoke.DirectMethodHandle$Holder.invokeStaticInit(java.lang.Object)'> (0x00000007123fa908) 
thrown [s\src\hotspot\share\interpreter\linkResolver.cpp, line 759]
Event: 0.630 Thread 0x000001f9ca685d00 Exception <a 'java/lang/NoSuchMethodError'{0x0000000712052ab8}: 'void java.lang.invoke.DirectMethodHandle$Holder.invokeStatic(java.lang.Object, java.lang.Object)'> (0x0000000712052ab8) 
thrown [s\src\hotspot\share\interpreter\linkResolver.cpp, line 759]
Event: 0.780 Thread 0x000001f9ca685d00 Exception <a 'java/lang/NoSuchMethodError'{0x0000000711f90c08}: 'void java.lang.invoke.DirectMethodHandle$Holder.invokeStatic(java.lang.Object, java.lang.Object, java.lang.Object)'> (0x0000000711f90c08) 
thrown [s\src\hotspot\share\interpreter\linkResolver.cpp, line 759]
Event: 0.822 Thread 0x000001f9ca685d00 Exception <a 'java/lang/NoSuchMethodError'{0x0000000711fad650}: 'int java.lang.invoke.DirectMethodHandle$Holder.invokeStaticInit(java.lang.Object, java.lang.Object, java.lang.Object)'> (0x0000000711fad650) 
thrown [s\src\hotspot\share\interpreter\linkResolver.cpp, line 759]
Event: 0.835 Thread 0x000001f9ca685d00 Exception <a 'java/lang/NoSuchMethodError'{0x0000000711d0eb20}: 'java.lang.Object java.lang.invoke.DirectMethodHandle$Holder.newInvokeSpecial(java.lang.Object, java.lang.Object, int, java.lang.Object)'> (0x0000000711d0eb20) 
thrown [s\src\hotspot\share\interpreter\linkResolver.cpp, line 759]
Event: 0.835 Thread 0x000001f9ca685d00 Exception <a 'java/lang/NoSuchMethodError'{0x0000000711d12f00}: 'java.lang.Object java.lang.invoke.DirectMethodHandle$Holder.invokeSpecial(java.lang.Object, java.lang.Object, java.lang.Object, int, java.lang.Object)'> (0x0000000711d12f00) 
thrown [s\src\hotspot\share\interpreter\linkResolver.cpp, line 759]
Event: 0.930 Thread 0x000001f9ec9fbe90 Exception <a 'java/lang/NoSuchMethodError'{0x0000000711bbc578}: 'void java.lang.invoke.DirectMethodHandle$Holder.invokeStaticInit(java.lang.Object)'> (0x0000000711bbc578) 
thrown [s\src\hotspot\share\interpreter\linkResolver.cpp, line 759]
Event: 0.932 Thread 0x000001f9ca685d00 Exception <a 'java/lang/NoSuchMethodError'{0x0000000711d27fa0}: 'java.lang.Object java.lang.invoke.DirectMethodHandle$Holder.newInvokeSpecial(java.lang.Object, java.lang.Object, java.lang.Object, java.lang.Object, java.lang.Object, java.lang.Object)'> (0x0000000711d27fa0) 
thrown [s\src\hotspot\share\interpreter\linkResolver.cpp, line 759]
Event: 0.946 Thread 0x000001f9ca685d00 Exception <a 'java/lang/NoSuchMethodError'{0x00000007118f21f0}: 'java.lang.Object java.lang.invoke.DirectMethodHandle$Holder.newInvokeSpecial(java.lang.Object, java.lang.Object, java.lang.Object, java.lang.Object, java.lang.Object)'> (0x00000007118f21f0) 
thrown [s\src\hotspot\share\interpreter\linkResolver.cpp, line 759]
Event: 0.977 Thread 0x000001f9ec9fbe90 Exception <a 'sun/nio/fs/WindowsException'{0x00000007117d0fb8}> (0x00000007117d0fb8) 
thrown [s\src\hotspot\share\prims\jni.cpp, line 516]
Event: 1.013 Thread 0x000001f9ec9fbe90 Exception <a 'java/lang/NoSuchMethodError'{0x00000007128bd4c0}: 'java.lang.Object java.lang.invoke.DirectMethodHandle$Holder.invokeStaticInit(java.lang.Object, java.lang.Object, java.lang.Object, java.lang.Object)'> (0x00000007128bd4c0) 
thrown [s\src\hotspot\share\interpreter\linkResolver.cpp, line 759]
Event: 1.014 Thread 0x000001f9ec9fbe90 Exception <a 'java/lang/NullPointerException'{0x00000007128c9148}> (0x00000007128c9148) 
thrown [s\src\hotspot\share\interpreter\linkResolver.cpp, line 1350]
Event: 1.041 Thread 0x000001f9ec9fbe90 Exception <a 'java/lang/ClassNotFoundException'{0x0000000712797238}: com/sun/glass/ui/win/themes> (0x0000000712797238) 
thrown [s\src\hotspot\share\prims\jni.cpp, line 535]
Event: 1.042 Thread 0x000001f9ec9fbe90 Exception <a 'java/lang/ClassNotFoundException'{0x00000007127a3670}: com/sun/glass/ui/win/themes_en> (0x00000007127a3670) 
thrown [s\src\hotspot\share\prims\jni.cpp, line 535]
Event: 1.042 Thread 0x000001f9ec9fbe90 Exception <a 'java/lang/ClassNotFoundException'{0x00000007127ab6b8}: com/sun/glass/ui/win/themes_en_US> (0x00000007127ab6b8) 
thrown [s\src\hotspot\share\prims\jni.cpp, line 535]
Event: 1.097 Thread 0x000001f9ec9fbe90 Exception <a 'java/lang/NoSuchMethodError'{0x00000007120bac98}: 'void java.lang.invoke.DirectMethodHandle$Holder.invokeStaticInit(java.lang.Object, java.lang.Object)'> (0x00000007120bac98) 
thrown [s\src\hotspot\share\interpreter\linkResolver.cpp, line 759]
Event: 1.268 Thread 0x000001f9ec9fbe90 Exception <a 'java/lang/reflect/InvocationTargetException'{0x0000000711a69760}> (0x0000000711a69760) 
thrown [s\src\hotspot\share\runtime\reflection.cpp, line 1121]

VM Operations (10 events):
Event: 0.525 Executing VM operation: HandshakeAllThreads
Event: 0.525 Executing VM operation: HandshakeAllThreads done
Event: 0.589 Executing VM operation: HandshakeAllThreads
Event: 0.589 Executing VM operation: HandshakeAllThreads done
Event: 0.829 Executing VM operation: HandshakeAllThreads
Event: 0.829 Executing VM operation: HandshakeAllThreads done
Event: 1.004 Executing VM operation: G1CollectForAllocation
Event: 1.007 Executing VM operation: G1CollectForAllocation done
Event: 1.059 Executing VM operation: HandshakeAllThreads
Event: 1.059 Executing VM operation: HandshakeAllThreads done

Events (20 events):
Event: 1.166 loading class java/lang/reflect/WildcardType done
Event: 1.166 loading class sun/reflect/generics/reflectiveObjects/WildcardTypeImpl done
Event: 1.169 loading class jdk/internal/math/FDBigInteger
Event: 1.169 loading class jdk/internal/math/FDBigInteger done
Event: 1.181 loading class java/math/BigDecimal
Event: 1.183 loading class java/math/BigDecimal done
Event: 1.192 loading class java/io/SequenceInputStream
Event: 1.192 loading class java/io/SequenceInputStream done
Event: 1.195 loading class java/util/Vector$1
Event: 1.195 loading class java/util/Vector$1 done
Event: 1.212 loading class java/nio/FloatBuffer
Event: 1.212 loading class java/nio/FloatBuffer done
Event: 1.267 loading class com/sun/org/apache/xerces/internal/impl/io/MalformedByteSequenceException
Event: 1.267 loading class java/io/CharConversionException
Event: 1.267 loading class java/io/CharConversionException done
Event: 1.267 loading class com/sun/org/apache/xerces/internal/impl/io/MalformedByteSequenceException done
Event: 1.268 loading class java/lang/Throwable$WrappedPrintStream
Event: 1.268 loading class java/lang/Throwable$PrintStreamOrWriter
Event: 1.268 loading class java/lang/Throwable$PrintStreamOrWriter done
Event: 1.268 loading class java/lang/Throwable$WrappedPrintStream done


Dynamic libraries:
0x00007ff7ecf70000 - 0x00007ff7ecf7e000 	C:\Users\EasyLife\OneDrive\Desktop\DataBase\eclipse\plugins\org.eclipse.justj.openjdk.hotspot.jre.full.win32.x86_64_17.0.4.v20220903-1038\jre\bin\javaw.exe
0x00007ff8960a0000 - 0x00007ff8962a9000 	C:\WINDOWS\SYSTEM32\ntdll.dll
0x00007ff894ea0000 - 0x00007ff894f5e000 	C:\WINDOWS\System32\KERNEL32.DLL
0x00007ff893570000 - 0x00007ff8938eb000 	C:\WINDOWS\System32\KERNELBASE.dll
0x00007ff890ac0000 - 0x00007ff890b52000 	C:\WINDOWS\SYSTEM32\apphelp.dll
0x00007ff893a20000 - 0x00007ff893b31000 	C:\WINDOWS\System32\ucrtbase.dll
0x00007ff87d560000 - 0x00007ff87d578000 	C:\Users\EasyLife\OneDrive\Desktop\DataBase\eclipse\plugins\org.eclipse.justj.openjdk.hotspot.jre.full.win32.x86_64_17.0.4.v20220903-1038\jre\bin\jli.dll
0x00007ff876d20000 - 0x00007ff876d39000 	C:\Users\EasyLife\OneDrive\Desktop\DataBase\eclipse\plugins\org.eclipse.justj.openjdk.hotspot.jre.full.win32.x86_64_17.0.4.v20220903-1038\jre\bin\VCRUNTIME140.dll
0x00007ff894a50000 - 0x00007ff894bfd000 	C:\WINDOWS\System32\USER32.dll
0x00007ff893dd0000 - 0x00007ff893df6000 	C:\WINDOWS\System32\win32u.dll
0x00007ff878e90000 - 0x00007ff879135000 	C:\WINDOWS\WinSxS\amd64_microsoft.windows.common-controls_6595b64144ccf1df_6.0.22000.120_none_9d947278b86cc467\COMCTL32.dll
0x00007ff8959b0000 - 0x00007ff8959d9000 	C:\WINDOWS\System32\GDI32.dll
0x00007ff895860000 - 0x00007ff895903000 	C:\WINDOWS\System32\msvcrt.dll
0x00007ff893b40000 - 0x00007ff893c58000 	C:\WINDOWS\System32\gdi32full.dll
0x00007ff893e00000 - 0x00007ff893e9d000 	C:\WINDOWS\System32\msvcp_win.dll
0x00007ff893f90000 - 0x00007ff893fc2000 	C:\WINDOWS\System32\IMM32.DLL
0x00007ff88bb10000 - 0x00007ff88bb1c000 	C:\Users\EasyLife\OneDrive\Desktop\DataBase\eclipse\plugins\org.eclipse.justj.openjdk.hotspot.jre.full.win32.x86_64_17.0.4.v20220903-1038\jre\bin\vcruntime140_1.dll
0x00007ff871640000 - 0x00007ff8716d1000 	C:\Users\EasyLife\OneDrive\Desktop\DataBase\eclipse\plugins\org.eclipse.justj.openjdk.hotspot.jre.full.win32.x86_64_17.0.4.v20220903-1038\jre\bin\msvcp140.dll
0x00007ff853ee0000 - 0x00007ff854b26000 	C:\Users\EasyLife\OneDrive\Desktop\DataBase\eclipse\plugins\org.eclipse.justj.openjdk.hotspot.jre.full.win32.x86_64_17.0.4.v20220903-1038\jre\bin\server\jvm.dll
0x00007ff895460000 - 0x00007ff89550e000 	C:\WINDOWS\System32\ADVAPI32.dll
0x00007ff894160000 - 0x00007ff8941fe000 	C:\WINDOWS\System32\sechost.dll
0x00007ff895ad0000 - 0x00007ff895bf0000 	C:\WINDOWS\System32\RPCRT4.dll
0x00007ff893f20000 - 0x00007ff893f28000 	C:\WINDOWS\System32\PSAPI.DLL
0x00007ff87d120000 - 0x00007ff87d129000 	C:\WINDOWS\SYSTEM32\WSOCK32.dll
0x00007ff894200000 - 0x00007ff89426f000 	C:\WINDOWS\System32\WS2_32.dll
0x00007ff88d1b0000 - 0x00007ff88d1e3000 	C:\WINDOWS\SYSTEM32\WINMM.dll
0x00007ff88ce80000 - 0x00007ff88ce8a000 	C:\WINDOWS\SYSTEM32\VERSION.dll
0x00007ff8926e0000 - 0x00007ff8926f8000 	C:\WINDOWS\SYSTEM32\kernel.appcore.dll
0x00007ff88f490000 - 0x00007ff88f49a000 	C:\Users\EasyLife\OneDrive\Desktop\DataBase\eclipse\plugins\org.eclipse.justj.openjdk.hotspot.jre.full.win32.x86_64_17.0.4.v20220903-1038\jre\bin\jimage.dll
0x00007ff881970000 - 0x00007ff881b91000 	C:\WINDOWS\SYSTEM32\DBGHELP.DLL
0x00007ff87d7a0000 - 0x00007ff87d7d1000 	C:\WINDOWS\SYSTEM32\dbgcore.DLL
0x00007ff893ea0000 - 0x00007ff893f1f000 	C:\WINDOWS\System32\bcryptPrimitives.dll
0x00007ff87e820000 - 0x00007ff87e845000 	C:\Users\EasyLife\OneDrive\Desktop\DataBase\eclipse\plugins\org.eclipse.justj.openjdk.hotspot.jre.full.win32.x86_64_17.0.4.v20220903-1038\jre\bin\java.dll
0x00007ff87dd20000 - 0x00007ff87dd38000 	C:\Users\EasyLife\OneDrive\Desktop\DataBase\eclipse\plugins\org.eclipse.justj.openjdk.hotspot.jre.full.win32.x86_64_17.0.4.v20220903-1038\jre\bin\zip.dll
0x00007ff894290000 - 0x00007ff894a47000 	C:\WINDOWS\System32\SHELL32.dll
0x00007ff891660000 - 0x00007ff891ec5000 	C:\WINDOWS\SYSTEM32\windows.storage.dll
0x00007ff895080000 - 0x00007ff8953f8000 	C:\WINDOWS\System32\combase.dll
0x00007ff8914f0000 - 0x00007ff891656000 	C:\WINDOWS\SYSTEM32\wintypes.dll
0x00007ff8959e0000 - 0x00007ff895aca000 	C:\WINDOWS\System32\SHCORE.dll
0x00007ff894f60000 - 0x00007ff894fbd000 	C:\WINDOWS\System32\shlwapi.dll
0x00007ff8934a0000 - 0x00007ff8934c1000 	C:\WINDOWS\SYSTEM32\profapi.dll
0x00007ff88f4e0000 - 0x00007ff88f4f9000 	C:\Users\EasyLife\OneDrive\Desktop\DataBase\eclipse\plugins\org.eclipse.justj.openjdk.hotspot.jre.full.win32.x86_64_17.0.4.v20220903-1038\jre\bin\net.dll
0x00007ff88c7f0000 - 0x00007ff88c904000 	C:\WINDOWS\SYSTEM32\WINHTTP.dll
0x00007ff892b80000 - 0x00007ff892be7000 	C:\WINDOWS\system32\mswsock.dll
0x00007ff880c10000 - 0x00007ff880c25000 	C:\Users\EasyLife\OneDrive\Desktop\DataBase\eclipse\plugins\org.eclipse.justj.openjdk.hotspot.jre.full.win32.x86_64_17.0.4.v20220903-1038\jre\bin\nio.dll
0x000001f9ca790000 - 0x000001f9ca793000 	C:\Users\EasyLife\OneDrive\Desktop\hidaya\javafx-sdk-19\bin\api-ms-win-core-console-l1-1-0.dll
0x000001f9eb6b0000 - 0x000001f9eb6b3000 	C:\Users\EasyLife\OneDrive\Desktop\hidaya\javafx-sdk-19\bin\api-ms-win-core-console-l1-2-0.dll
0x000001f9eb6c0000 - 0x000001f9eb6c3000 	C:\Users\EasyLife\OneDrive\Desktop\hidaya\javafx-sdk-19\bin\api-ms-win-core-datetime-l1-1-0.dll
0x000001f9eb6d0000 - 0x000001f9eb6d3000 	C:\Users\EasyLife\OneDrive\Desktop\hidaya\javafx-sdk-19\bin\api-ms-win-core-debug-l1-1-0.dll
0x000001f9eb6e0000 - 0x000001f9eb6e3000 	C:\Users\EasyLife\OneDrive\Desktop\hidaya\javafx-sdk-19\bin\api-ms-win-core-errorhandling-l1-1-0.dll
0x000001f9eb6f0000 - 0x000001f9eb6f4000 	C:\Users\EasyLife\OneDrive\Desktop\hidaya\javafx-sdk-19\bin\api-ms-win-core-file-l1-1-0.dll
0x000001f9eb700000 - 0x000001f9eb703000 	C:\Users\EasyLife\OneDrive\Desktop\hidaya\javafx-sdk-19\bin\api-ms-win-core-file-l1-2-0.dll
0x000001f9eb710000 - 0x000001f9eb713000 	C:\Users\EasyLife\OneDrive\Desktop\hidaya\javafx-sdk-19\bin\api-ms-win-core-file-l2-1-0.dll
0x000001f9eb720000 - 0x000001f9eb723000 	C:\Users\EasyLife\OneDrive\Desktop\hidaya\javafx-sdk-19\bin\api-ms-win-core-handle-l1-1-0.dll
0x000001f9eb730000 - 0x000001f9eb733000 	C:\Users\EasyLife\OneDrive\Desktop\hidaya\javafx-sdk-19\bin\api-ms-win-core-heap-l1-1-0.dll
0x000001f9eb740000 - 0x000001f9eb743000 	C:\Users\EasyLife\OneDrive\Desktop\hidaya\javafx-sdk-19\bin\api-ms-win-core-interlocked-l1-1-0.dll
0x000001f9eb750000 - 0x000001f9eb753000 	C:\Users\EasyLife\OneDrive\Desktop\hidaya\javafx-sdk-19\bin\api-ms-win-core-libraryloader-l1-1-0.dll
0x000001f9eb760000 - 0x000001f9eb763000 	C:\Users\EasyLife\OneDrive\Desktop\hidaya\javafx-sdk-19\bin\api-ms-win-core-localization-l1-2-0.dll
0x000001f9eb770000 - 0x000001f9eb773000 	C:\Users\EasyLife\OneDrive\Desktop\hidaya\javafx-sdk-19\bin\api-ms-win-core-memory-l1-1-0.dll
0x000001f9eb780000 - 0x000001f9eb783000 	C:\Users\EasyLife\OneDrive\Desktop\hidaya\javafx-sdk-19\bin\api-ms-win-core-namedpipe-l1-1-0.dll
0x000001f9eb790000 - 0x000001f9eb793000 	C:\Users\EasyLife\OneDrive\Desktop\hidaya\javafx-sdk-19\bin\api-ms-win-core-processenvironment-l1-1-0.dll
0x000001f9eb7a0000 - 0x000001f9eb7a3000 	C:\Users\EasyLife\OneDrive\Desktop\hidaya\javafx-sdk-19\bin\api-ms-win-core-processthreads-l1-1-0.dll
0x000001f9eb7b0000 - 0x000001f9eb7b3000 	C:\Users\EasyLife\OneDrive\Desktop\hidaya\javafx-sdk-19\bin\api-ms-win-core-processthreads-l1-1-1.dll
0x000001f9eb7c0000 - 0x000001f9eb7c3000 	C:\Users\EasyLife\OneDrive\Desktop\hidaya\javafx-sdk-19\bin\api-ms-win-core-profile-l1-1-0.dll
0x000001f9eb7d0000 - 0x000001f9eb7d3000 	C:\Users\EasyLife\OneDrive\Desktop\hidaya\javafx-sdk-19\bin\api-ms-win-core-rtlsupport-l1-1-0.dll
0x000001f9eb7e0000 - 0x000001f9eb7e3000 	C:\Users\EasyLife\OneDrive\Desktop\hidaya\javafx-sdk-19\bin\api-ms-win-core-string-l1-1-0.dll
0x000001f9eb7f0000 - 0x000001f9eb7f3000 	C:\Users\EasyLife\OneDrive\Desktop\hidaya\javafx-sdk-19\bin\api-ms-win-core-synch-l1-1-0.dll
0x000001f9ecc00000 - 0x000001f9ecc03000 	C:\Users\EasyLife\OneDrive\Desktop\hidaya\javafx-sdk-19\bin\api-ms-win-core-synch-l1-2-0.dll
0x000001f9ecc10000 - 0x000001f9ecc13000 	C:\Users\EasyLife\OneDrive\Desktop\hidaya\javafx-sdk-19\bin\api-ms-win-core-sysinfo-l1-1-0.dll
0x000001f9ecc20000 - 0x000001f9ecc23000 	C:\Users\EasyLife\OneDrive\Desktop\hidaya\javafx-sdk-19\bin\api-ms-win-core-timezone-l1-1-0.dll
0x000001f9ecc30000 - 0x000001f9ecc33000 	C:\Users\EasyLife\OneDrive\Desktop\hidaya\javafx-sdk-19\bin\api-ms-win-core-util-l1-1-0.dll
0x000001f9ecc40000 - 0x000001f9ecc43000 	C:\Users\EasyLife\OneDrive\Desktop\hidaya\javafx-sdk-19\bin\api-ms-win-crt-conio-l1-1-0.dll
0x000001f9ecc50000 - 0x000001f9ecc54000 	C:\Users\EasyLife\OneDrive\Desktop\hidaya\javafx-sdk-19\bin\api-ms-win-crt-convert-l1-1-0.dll
0x000001f9ecc60000 - 0x000001f9ecc63000 	C:\Users\EasyLife\OneDrive\Desktop\hidaya\javafx-sdk-19\bin\api-ms-win-crt-environment-l1-1-0.dll
0x000001f9ecc70000 - 0x000001f9ecc73000 	C:\Users\EasyLife\OneDrive\Desktop\hidaya\javafx-sdk-19\bin\api-ms-win-crt-filesystem-l1-1-0.dll
0x000001f9ecc80000 - 0x000001f9ecc83000 	C:\Users\EasyLife\OneDrive\Desktop\hidaya\javafx-sdk-19\bin\api-ms-win-crt-heap-l1-1-0.dll
0x000001f9ecc90000 - 0x000001f9ecc93000 	C:\Users\EasyLife\OneDrive\Desktop\hidaya\javafx-sdk-19\bin\api-ms-win-crt-locale-l1-1-0.dll
0x000001f9ecca0000 - 0x000001f9ecca5000 	C:\Users\EasyLife\OneDrive\Desktop\hidaya\javafx-sdk-19\bin\api-ms-win-crt-math-l1-1-0.dll
0x000001f9eccb0000 - 0x000001f9eccb5000 	C:\Users\EasyLife\OneDrive\Desktop\hidaya\javafx-sdk-19\bin\api-ms-win-crt-multibyte-l1-1-0.dll
0x000001f9eccc0000 - 0x000001f9eccd0000 	C:\Users\EasyLife\OneDrive\Desktop\hidaya\javafx-sdk-19\bin\api-ms-win-crt-private-l1-1-0.dll
0x000001f9eccd0000 - 0x000001f9eccd3000 	C:\Users\EasyLife\OneDrive\Desktop\hidaya\javafx-sdk-19\bin\api-ms-win-crt-process-l1-1-0.dll
0x000001f9ecce0000 - 0x000001f9ecce4000 	C:\Users\EasyLife\OneDrive\Desktop\hidaya\javafx-sdk-19\bin\api-ms-win-crt-runtime-l1-1-0.dll
0x000001f9eccf0000 - 0x000001f9eccf4000 	C:\Users\EasyLife\OneDrive\Desktop\hidaya\javafx-sdk-19\bin\api-ms-win-crt-stdio-l1-1-0.dll
0x000001f9ecd00000 - 0x000001f9ecd04000 	C:\Users\EasyLife\OneDrive\Desktop\hidaya\javafx-sdk-19\bin\api-ms-win-crt-string-l1-1-0.dll
0x000001f9ecd10000 - 0x000001f9ecd13000 	C:\Users\EasyLife\OneDrive\Desktop\hidaya\javafx-sdk-19\bin\api-ms-win-crt-time-l1-1-0.dll
0x000001f9ecd20000 - 0x000001f9ecd23000 	C:\Users\EasyLife\OneDrive\Desktop\hidaya\javafx-sdk-19\bin\api-ms-win-crt-utility-l1-1-0.dll
0x00007ff858260000 - 0x00007ff85835c000 	C:\Users\EasyLife\OneDrive\Desktop\hidaya\javafx-sdk-19\bin\ucrtbase.dll
0x00007ff876930000 - 0x00007ff87694b000 	C:\Users\EasyLife\OneDrive\Desktop\hidaya\javafx-sdk-19\bin\vcruntime140.dll
0x00007ff880bd0000 - 0x00007ff880bdc000 	C:\Users\EasyLife\OneDrive\Desktop\hidaya\javafx-sdk-19\bin\vcruntime140_1.dll
0x00007ff866950000 - 0x00007ff8669de000 	C:\Users\EasyLife\OneDrive\Desktop\hidaya\javafx-sdk-19\bin\msvcp140.dll
0x00007ff87dd10000 - 0x00007ff87dd19000 	C:\Users\EasyLife\OneDrive\Desktop\hidaya\javafx-sdk-19\bin\msvcp140_1.dll
0x00007ff86e930000 - 0x00007ff86e960000 	C:\Users\EasyLife\OneDrive\Desktop\hidaya\javafx-sdk-19\bin\msvcp140_2.dll
0x00007ff86e880000 - 0x00007ff86e8ac000 	C:\Users\EasyLife\OneDrive\Desktop\hidaya\javafx-sdk-19\bin\prism_d3d.dll
0x00007ff885a50000 - 0x00007ff885bf6000 	C:\WINDOWS\system32\d3d9.dll
0x00007ff890fe0000 - 0x00007ff89100f000 	C:\WINDOWS\SYSTEM32\dwmapi.dll
0x00007ff890d80000 - 0x00007ff890db8000 	C:\WINDOWS\SYSTEM32\dxcore.dll
0x00007ff890c80000 - 0x00007ff890d2c000 	C:\WINDOWS\system32\uxtheme.dll
0x00007ff82ade0000 - 0x00007ff82af3d000 	C:\WINDOWS\System32\DriverStore\FileRepository\iigd_dch.inf_amd64_67ebcbaf734be2a4\igdumdim64.dll
0x00007ff8274d0000 - 0x00007ff82add9000 	C:\WINDOWS\System32\DriverStore\FileRepository\iigd_dch.inf_amd64_67ebcbaf734be2a4\igd9dxva64.dll
0x00007ff895620000 - 0x00007ff8957ba000 	C:\WINDOWS\System32\ole32.dll
0x00007ff894dc0000 - 0x00007ff894e96000 	C:\WINDOWS\System32\OLEAUT32.dll
0x00007ff895bf0000 - 0x00007ff89605c000 	C:\WINDOWS\System32\SETUPAPI.dll
0x00007ff893240000 - 0x00007ff89328c000 	C:\WINDOWS\SYSTEM32\cfgmgr32.dll
0x00007ff889010000 - 0x00007ff8891b4000 	C:\WINDOWS\System32\DriverStore\FileRepository\iigd_dch.inf_amd64_67ebcbaf734be2a4\igdgmm64.dll
0x00007ff88f1c0000 - 0x00007ff88f204000 	C:\WINDOWS\SYSTEM32\directxdatabasehelper.dll
0x00007ff892700000 - 0x00007ff892734000 	C:\WINDOWS\SYSTEM32\ntmarta.dll
0x00007ff86e800000 - 0x00007ff86e842000 	C:\Users\EasyLife\OneDrive\Desktop\hidaya\javafx-sdk-19\bin\glass.dll
0x00007ff895510000 - 0x00007ff8955fc000 	C:\WINDOWS\System32\COMDLG32.dll
0x00007ff85d400000 - 0x00007ff85d539000 	C:\ProgramData\A-Volute\A-Volute.Nahimic\Modules\Scheduled\x64\AudioDevProps2.dll
0x00007ff893fd0000 - 0x00007ff8940ed000 	C:\WINDOWS\System32\MSCTF.dll
0x00007ff82c710000 - 0x00007ff82c736000 	C:\WINDOWS\System32\DriverStore\FileRepository\iigd_dch.inf_amd64_67ebcbaf734be2a4\igdinfo64.dll
0x00007ff886770000 - 0x00007ff888d74000 	C:\WINDOWS\System32\DriverStore\FileRepository\iigd_dch.inf_amd64_67ebcbaf734be2a4\igc64.dll
0x00007ff86e860000 - 0x00007ff86e874000 	C:\Users\EasyLife\OneDrive\Desktop\hidaya\javafx-sdk-19\bin\javafx_font.dll
0x00007ff870470000 - 0x00007ff8706cf000 	C:\WINDOWS\SYSTEM32\dwrite.dll

dbghelp: loaded successfully - version: 4.0.5 - missing functions: none
symbol engine: initialized successfully - sym options: 0x614 - pdb path: .;C:\Users\EasyLife\OneDrive\Desktop\DataBase\eclipse\plugins\org.eclipse.justj.openjdk.hotspot.jre.full.win32.x86_64_17.0.4.v20220903-1038\jre\bin;C:\WINDOWS\SYSTEM32;C:\WINDOWS\WinSxS\amd64_microsoft.windows.common-controls_6595b64144ccf1df_6.0.22000.120_none_9d947278b86cc467;C:\Users\EasyLife\OneDrive\Desktop\DataBase\eclipse\plugins\org.eclipse.justj.openjdk.hotspot.jre.full.win32.x86_64_17.0.4.v20220903-1038\jre\bin\server;C:\Users\EasyLife\OneDrive\Desktop\hidaya\javafx-sdk-19\bin;C:\WINDOWS\System32\DriverStore\FileRepository\iigd_dch.inf_amd64_67ebcbaf734be2a4;C:\ProgramData\A-Volute\A-Volute.Nahimic\Modules\Scheduled\x64

VM Arguments:
jvm_args: -Dfile.encoding=UTF-8 --module-path=C:\Users\EasyLife\OneDrive\Desktop\DataBase\Library_Data\bin;C:\Users\EasyLife\OneDrive\Desktop\DataBase\eclipse\plugins\org.eclipse.fx.ide.css.jfx8_3.8.0.202204150904.jar;C:\Users\EasyLife\OneDrive\Desktop\hidaya\javafx-sdk-19\lib\javafx.base.jar;C:\Users\EasyLife\OneDrive\Desktop\hidaya\javafx-sdk-19\lib\javafx.controls.jar;C:\Users\EasyLife\OneDrive\Desktop\hidaya\javafx-sdk-19\lib\javafx.fxml.jar;C:\Users\EasyLife\OneDrive\Desktop\hidaya\javafx-sdk-19\lib\javafx.graphics.jar;C:\Users\EasyLife\OneDrive\Desktop\hidaya\javafx-sdk-19\lib\javafx.media.jar;C:\Users\EasyLife\OneDrive\Desktop\hidaya\javafx-sdk-19\lib\javafx.swing.jar;C:\Users\EasyLife\OneDrive\Desktop\hidaya\javafx-sdk-19\lib\javafx.web.jar;C:\Users\EasyLife\OneDrive\Desktop\hidaya\javafx-sdk-19\lib\javafx-swt.jar;C:\Users\EasyLife\Downloads\mysql-connector-java-5.1.47.jar -XX:+ShowCodeDetailsInExceptionMessages -Djdk.module.main=Library_Data 
java_command: Library_Data/application.Main
java_class_path (initial): <not set>
Launcher Type: SUN_STANDARD

[Global flags]
     intx CICompilerCount                          = 4                                         {product} {ergonomic}
     uint ConcGCThreads                            = 3                                         {product} {ergonomic}
     uint G1ConcRefinementThreads                  = 10                                        {product} {ergonomic}
   size_t G1HeapRegionSize                         = 2097152                                   {product} {ergonomic}
    uintx GCDrainStackTargetSize                   = 64                                        {product} {ergonomic}
   size_t InitialHeapSize                          = 266338304                                 {product} {ergonomic}
   size_t MarkStackSize                            = 4194304                                   {product} {ergonomic}
   size_t MaxHeapSize                              = 4248829952                                {product} {ergonomic}
   size_t MaxNewSize                               = 2548039680                                {product} {ergonomic}
   size_t MinHeapDeltaBytes                        = 2097152                                   {product} {ergonomic}
   size_t MinHeapSize                              = 8388608                                   {product} {ergonomic}
    uintx NonNMethodCodeHeapSize                   = 5839372                                {pd product} {ergonomic}
    uintx NonProfiledCodeHeapSize                  = 122909434                              {pd product} {ergonomic}
    uintx ProfiledCodeHeapSize                     = 122909434                              {pd product} {ergonomic}
    uintx ReservedCodeCacheSize                    = 251658240                              {pd product} {ergonomic}
     bool SegmentedCodeCache                       = true                                      {product} {ergonomic}
     bool ShowCodeDetailsInExceptionMessages       = true                                   {manageable} {command line}
   size_t SoftMaxHeapSize                          = 4248829952                             {manageable} {ergonomic}
     bool UseCompressedClassPointers               = true                           {product lp64_product} {ergonomic}
     bool UseCompressedOops                        = true                           {product lp64_product} {ergonomic}
     bool UseG1GC                                  = true                                      {product} {ergonomic}
     bool UseLargePagesIndividualAllocation        = false                                  {pd product} {ergonomic}

Logging:
Log output configuration:
 #0: stdout all=warning uptime,level,tags
 #1: stderr all=off uptime,level,tags

Environment Variables:
JAVA_HOME=C:\Users\EasyLife\Desktop\hidaya\jdk-16.0.2
PATH=C:/Users/EasyLife/OneDrive/Desktop/DataBase/eclipse//plugins/org.eclipse.justj.openjdk.hotspot.jre.full.win32.x86_64_17.0.4.v20220903-1038/jre/bin/server;C:/Users/EasyLife/OneDrive/Desktop/DataBase/eclipse//plugins/org.eclipse.justj.openjdk.hotspot.jre.full.win32.x86_64_17.0.4.v20220903-1038/jre/bin;C:\Program Files\Common Files\Oracle\Java\javapath;C:\Windows\system32;C:\Windows;C:\Windows\System32\Wbem;C:\Windows\System32\WindowsPowerShell\v1.0\;C:\Windows\System32\OpenSSH\;C:\Program Files (x86)\NVIDIA Corporation\PhysX\Common;C:\Program Files\NVIDIA Corporation\NVIDIA NvDLISR;%JAVA_HOME%\bin;;C:\WINDOWS\system32;C:\WINDOWS;C:\WINDOWS\System32\Wbem;C:\WINDOWS\System32\WindowsPowerShell\v1.0\;C:\WINDOWS\System32\OpenSSH\;c:\users\easylife\desktop\quartus\bin;C:\Aldec\Active-HDL-Student-Edition\bin;C:\Users\EasyLife\AppData\Local\Microsoft\WindowsApps;;C:\Users\EasyLife\Intellij\IntelliJ IDEA Community Edition 2022.3.1\bin;;C:\Users\EasyLife\OneDrive\Desktop\DataBase\eclipse;
USERNAME=EasyLife
OS=Windows_NT
PROCESSOR_IDENTIFIER=Intel64 Family 6 Model 165 Stepping 2, GenuineIntel
TMP=C:\Users\EasyLife\AppData\Local\Temp
TEMP=C:\Users\EasyLife\AppData\Local\Temp



---------------  S Y S T E M  ---------------

OS:
 Windows 11 , 64 bit Build 22000 (10.0.22000.1335)
OS uptime: 8 days 21:02 hours

CPU: total 12 (initial active 12) (6 cores per cpu, 2 threads per core) family 6 model 165 stepping 2 microcode 0xe0, cx8, cmov, fxsr, ht, mmx, 3dnowpref, sse, sse2, sse3, ssse3, sse4.1, sse4.2, popcnt, lzcnt, tsc, tscinvbit, avx, avx2, aes, erms, clmul, bmi1, bmi2, adx, fma, vzeroupper, clflush, clflushopt

Memory: 4k page, system-wide physical 16205M (2524M free)
TotalPageFile size 65357M (AvailPageFile size 3M)
current process WorkingSet (physical memory assigned to process): 142M, peak: 142M
current process commit charge ("private bytes"): 414M, peak: 414M

vm_info: OpenJDK 64-Bit Server VM (17.0.4.1+1) for windows-amd64 JRE (17.0.4.1+1), built on Aug 17 2022 07:42:43 by "temurin" with MS VC++ 16.7 (VS2019)

END.
