#
# There is insufficient memory for the Java Runtime Environment to continue.
# Native memory allocation (mmap) failed to map 266338304 bytes for G1 virtual space
# Possible reasons:
#   The system is out of physical RAM or swap space
#   The process is running with CompressedOops enabled, and the Java Heap may be blocking the growth of the native heap
# Possible solutions:
#   Reduce memory load on the system
#   Increase physical memory or swap space
#   Check if swap backing store is full
#   Decrease Java heap size (-Xmx/-Xms)
#   Decrease number of Java threads
#   Decrease Java thread stack sizes (-Xss)
#   Set larger code cache with -XX:ReservedCodeCacheSize=
#   JVM is running with Zero Based Compressed Oops mode in which the Java heap is
#     placed in the first 32GB address space. The Java Heap base address is the
#     maximum limit for the native heap growth. Please use -XX:HeapBaseMinAddress
#     to set the Java Heap base and to place the Java Heap above 32GB virtual address.
# This output file may be truncated or incomplete.
#
#  Out of Memory Error (os_windows.cpp:3541), pid=30700, tid=19260
#
# JRE version:  (17.0.4.1+1) (build )
# Java VM: OpenJDK 64-Bit Server VM (17.0.4.1+1, mixed mode, sharing, tiered, compressed oops, compressed class ptrs, g1 gc, windows-amd64)
# No core dump will be written. Minidumps are not enabled by default on client versions of Windows
#

---------------  S U M M A R Y ------------

Command Line: -Dfile.encoding=UTF-8 --module-path=C:\Users\EasyLife\OneDrive\Desktop\DataBase\Library_Data\bin;C:\Users\EasyLife\OneDrive\Desktop\DataBase\eclipse\plugins\org.eclipse.fx.ide.css.jfx8_3.8.0.202204150904.jar;C:\Users\EasyLife\OneDrive\Desktop\hidaya\javafx-sdk-19\lib\javafx.base.jar;C:\Users\EasyLife\OneDrive\Desktop\hidaya\javafx-sdk-19\lib\javafx.controls.jar;C:\Users\EasyLife\OneDrive\Desktop\hidaya\javafx-sdk-19\lib\javafx.fxml.jar;C:\Users\EasyLife\OneDrive\Desktop\hidaya\javafx-sdk-19\lib\javafx.graphics.jar;C:\Users\EasyLife\OneDrive\Desktop\hidaya\javafx-sdk-19\lib\javafx.media.jar;C:\Users\EasyLife\OneDrive\Desktop\hidaya\javafx-sdk-19\lib\javafx.swing.jar;C:\Users\EasyLife\OneDrive\Desktop\hidaya\javafx-sdk-19\lib\javafx.web.jar;C:\Users\EasyLife\OneDrive\Desktop\hidaya\javafx-sdk-19\lib\javafx-swt.jar;C:\Users\EasyLife\Downloads\mysql-connector-java-5.1.47.jar -XX:+ShowCodeDetailsInExceptionMessages -Djdk.module.main=Library_Data Library_Data/application.Main

Host: Intel(R) Core(TM) i7-10750H CPU @ 2.60GHz, 12 cores, 15G,  Windows 11 , 64 bit Build 22000 (10.0.22000.1335)
Time: Sat Jan 28 22:50:02 2023 Jerusalem Standard Time elapsed time: 0.008774 seconds (0d 0h 0m 0s)

---------------  T H R E A D  ---------------

Current thread (0x00000202c4a25730):  JavaThread "Unknown thread" [_thread_in_vm, id=19260, stack(0x0000009c8dc00000,0x0000009c8dd00000)]

Stack: [0x0000009c8dc00000,0x0000009c8dd00000]
Native frames: (J=compiled Java code, j=interpreted, Vv=VM code, C=native code)
V  [jvm.dll+0x67731a]
V  [jvm.dll+0x832284]
V  [jvm.dll+0x833a2e]
V  [jvm.dll+0x834093]
V  [jvm.dll+0x245775]
V  [jvm.dll+0x674209]
V  [jvm.dll+0x668a92]
V  [jvm.dll+0x30471b]
V  [jvm.dll+0x30bc66]
V  [jvm.dll+0x35ba9e]
V  [jvm.dll+0x35bccf]
V  [jvm.dll+0x2db5b8]
V  [jvm.dll+0x2dc524]
V  [jvm.dll+0x803db1]
V  [jvm.dll+0x3698f1]
V  [jvm.dll+0x7e31bc]
V  [jvm.dll+0x3ec25f]
V  [jvm.dll+0x3edde1]
C  [jli.dll+0x5277]
C  [ucrtbase.dll+0x26c0c]
C  [KERNEL32.DLL+0x155a0]
C  [ntdll.dll+0x485b]


---------------  P R O C E S S  ---------------

Threads class SMR info:
_java_thread_list=0x00007ff8549f4e98, length=0, elements={
}

Java Threads: ( => current thread )

Other Threads:
  0x00000202c4a902b0 GCTaskThread "GC Thread#0" [stack: 0x0000009c8dd00000,0x0000009c8de00000] [id=22112]
  0x00000202c4aa1570 ConcurrentGCThread "G1 Main Marker" [stack: 0x0000009c8de00000,0x0000009c8df00000] [id=32416]
  0x00000202c4aa1e20 ConcurrentGCThread "G1 Conc#0" [stack: 0x0000009c8df00000,0x0000009c8e000000] [id=19556]

[error occurred during error reporting (printing all threads), id 0xc0000005, EXCEPTION_ACCESS_VIOLATION (0xc0000005) at pc=0x00007ff8541cc047]

VM state: not at safepoint (not fully initialized)

VM Mutex/Monitor currently owned by a thread:  ([mutex/lock_event])
[0x00000202c4a1f3c0] Heap_lock - owner thread: 0x00000202c4a25730

Heap address: 0x0000000702c00000, size: 4052 MB, Compressed Oops mode: Zero based, Oop shift amount: 3

CDS archive(s) mapped at: [0x0000000000000000-0x0000000000000000-0x0000000000000000), size 0, SharedBaseAddress: 0x0000000800000000, ArchiveRelocationMode: 0.
Narrow klass base: 0x0000000000000000, Narrow klass shift: 0, Narrow klass range: 0x0

GC Precious Log:
<Empty>

Heap:
 garbage-first heap   total 0K, used 0K [0x0000000702c00000, 0x0000000800000000)
  region size 2048K, 0 young (0K), 0 survivors (0K)

[error occurred during error reporting (printing heap information), id 0xc0000005, EXCEPTION_ACCESS_VIOLATION (0xc0000005) at pc=0x00007ff8545b0699]

GC Heap History (0 events):
No events

Deoptimization events (0 events):
No events

Classes unloaded (0 events):
No events

Classes redefined (0 events):
No events

Internal exceptions (0 events):
No events

VM Operations (0 events):
No events

Events (1 events):
Event: 0.006 Loaded shared library C:\Users\EasyLife\OneDrive\Desktop\DataBase\eclipse\plugins\org.eclipse.justj.openjdk.hotspot.jre.full.win32.x86_64_17.0.4.v20220903-1038\jre\bin\java.dll


Dynamic libraries:
0x00007ff7ecf70000 - 0x00007ff7ecf7e000 	C:\Users\EasyLife\OneDrive\Desktop\DataBase\eclipse\plugins\org.eclipse.justj.openjdk.hotspot.jre.full.win32.x86_64_17.0.4.v20220903-1038\jre\bin\javaw.exe
0x00007ff8960a0000 - 0x00007ff8962a9000 	C:\WINDOWS\SYSTEM32\ntdll.dll
0x00007ff894ea0000 - 0x00007ff894f5e000 	C:\WINDOWS\System32\KERNEL32.DLL
0x00007ff893570000 - 0x00007ff8938eb000 	C:\WINDOWS\System32\KERNELBASE.dll
0x00007ff890ac0000 - 0x00007ff890b52000 	C:\WINDOWS\SYSTEM32\apphelp.dll
0x00007ff893a20000 - 0x00007ff893b31000 	C:\WINDOWS\System32\ucrtbase.dll
0x00007ff876d20000 - 0x00007ff876d39000 	C:\Users\EasyLife\OneDrive\Desktop\DataBase\eclipse\plugins\org.eclipse.justj.openjdk.hotspot.jre.full.win32.x86_64_17.0.4.v20220903-1038\jre\bin\VCRUNTIME140.dll
0x00007ff87d560000 - 0x00007ff87d578000 	C:\Users\EasyLife\OneDrive\Desktop\DataBase\eclipse\plugins\org.eclipse.justj.openjdk.hotspot.jre.full.win32.x86_64_17.0.4.v20220903-1038\jre\bin\jli.dll
0x00007ff894a50000 - 0x00007ff894bfd000 	C:\WINDOWS\System32\USER32.dll
0x00007ff893dd0000 - 0x00007ff893df6000 	C:\WINDOWS\System32\win32u.dll
0x00007ff878e90000 - 0x00007ff879135000 	C:\WINDOWS\WinSxS\amd64_microsoft.windows.common-controls_6595b64144ccf1df_6.0.22000.120_none_9d947278b86cc467\COMCTL32.dll
0x00007ff8959b0000 - 0x00007ff8959d9000 	C:\WINDOWS\System32\GDI32.dll
0x00007ff895860000 - 0x00007ff895903000 	C:\WINDOWS\System32\msvcrt.dll
0x00007ff893b40000 - 0x00007ff893c58000 	C:\WINDOWS\System32\gdi32full.dll
0x00007ff893e00000 - 0x00007ff893e9d000 	C:\WINDOWS\System32\msvcp_win.dll
0x00007ff893f90000 - 0x00007ff893fc2000 	C:\WINDOWS\System32\IMM32.DLL
0x00007ff88bb10000 - 0x00007ff88bb1c000 	C:\Users\EasyLife\OneDrive\Desktop\DataBase\eclipse\plugins\org.eclipse.justj.openjdk.hotspot.jre.full.win32.x86_64_17.0.4.v20220903-1038\jre\bin\vcruntime140_1.dll
0x00007ff871640000 - 0x00007ff8716d1000 	C:\Users\EasyLife\OneDrive\Desktop\DataBase\eclipse\plugins\org.eclipse.justj.openjdk.hotspot.jre.full.win32.x86_64_17.0.4.v20220903-1038\jre\bin\msvcp140.dll
0x00007ff853ee0000 - 0x00007ff854b26000 	C:\Users\EasyLife\OneDrive\Desktop\DataBase\eclipse\plugins\org.eclipse.justj.openjdk.hotspot.jre.full.win32.x86_64_17.0.4.v20220903-1038\jre\bin\server\jvm.dll
0x00007ff895460000 - 0x00007ff89550e000 	C:\WINDOWS\System32\ADVAPI32.dll
0x00007ff894160000 - 0x00007ff8941fe000 	C:\WINDOWS\System32\sechost.dll
0x00007ff895ad0000 - 0x00007ff895bf0000 	C:\WINDOWS\System32\RPCRT4.dll
0x00007ff893f20000 - 0x00007ff893f28000 	C:\WINDOWS\System32\PSAPI.DLL
0x00007ff87d120000 - 0x00007ff87d129000 	C:\WINDOWS\SYSTEM32\WSOCK32.dll
0x00007ff88d1b0000 - 0x00007ff88d1e3000 	C:\WINDOWS\SYSTEM32\WINMM.dll
0x00007ff894200000 - 0x00007ff89426f000 	C:\WINDOWS\System32\WS2_32.dll
0x00007ff88ce80000 - 0x00007ff88ce8a000 	C:\WINDOWS\SYSTEM32\VERSION.dll
0x00007ff8926e0000 - 0x00007ff8926f8000 	C:\WINDOWS\SYSTEM32\kernel.appcore.dll
0x00007ff88f490000 - 0x00007ff88f49a000 	C:\Users\EasyLife\OneDrive\Desktop\DataBase\eclipse\plugins\org.eclipse.justj.openjdk.hotspot.jre.full.win32.x86_64_17.0.4.v20220903-1038\jre\bin\jimage.dll
0x00007ff881970000 - 0x00007ff881b91000 	C:\WINDOWS\SYSTEM32\DBGHELP.DLL
0x00007ff87d7a0000 - 0x00007ff87d7d1000 	C:\WINDOWS\SYSTEM32\dbgcore.DLL
0x00007ff893ea0000 - 0x00007ff893f1f000 	C:\WINDOWS\System32\bcryptPrimitives.dll
0x00007ff87e820000 - 0x00007ff87e845000 	C:\Users\EasyLife\OneDrive\Desktop\DataBase\eclipse\plugins\org.eclipse.justj.openjdk.hotspot.jre.full.win32.x86_64_17.0.4.v20220903-1038\jre\bin\java.dll

dbghelp: loaded successfully - version: 4.0.5 - missing functions: none
symbol engine: initialized successfully - sym options: 0x614 - pdb path: .;C:\Users\EasyLife\OneDrive\Desktop\DataBase\eclipse\plugins\org.eclipse.justj.openjdk.hotspot.jre.full.win32.x86_64_17.0.4.v20220903-1038\jre\bin;C:\WINDOWS\SYSTEM32;C:\WINDOWS\WinSxS\amd64_microsoft.windows.common-controls_6595b64144ccf1df_6.0.22000.120_none_9d947278b86cc467;C:\Users\EasyLife\OneDrive\Desktop\DataBase\eclipse\plugins\org.eclipse.justj.openjdk.hotspot.jre.full.win32.x86_64_17.0.4.v20220903-1038\jre\bin\server

VM Arguments:
jvm_args: -Dfile.encoding=UTF-8 --module-path=C:\Users\EasyLife\OneDrive\Desktop\DataBase\Library_Data\bin;C:\Users\EasyLife\OneDrive\Desktop\DataBase\eclipse\plugins\org.eclipse.fx.ide.css.jfx8_3.8.0.202204150904.jar;C:\Users\EasyLife\OneDrive\Desktop\hidaya\javafx-sdk-19\lib\javafx.base.jar;C:\Users\EasyLife\OneDrive\Desktop\hidaya\javafx-sdk-19\lib\javafx.controls.jar;C:\Users\EasyLife\OneDrive\Desktop\hidaya\javafx-sdk-19\lib\javafx.fxml.jar;C:\Users\EasyLife\OneDrive\Desktop\hidaya\javafx-sdk-19\lib\javafx.graphics.jar;C:\Users\EasyLife\OneDrive\Desktop\hidaya\javafx-sdk-19\lib\javafx.media.jar;C:\Users\EasyLife\OneDrive\Desktop\hidaya\javafx-sdk-19\lib\javafx.swing.jar;C:\Users\EasyLife\OneDrive\Desktop\hidaya\javafx-sdk-19\lib\javafx.web.jar;C:\Users\EasyLife\OneDrive\Desktop\hidaya\javafx-sdk-19\lib\javafx-swt.jar;C:\Users\EasyLife\Downloads\mysql-connector-java-5.1.47.jar -XX:+ShowCodeDetailsInExceptionMessages -Djdk.module.main=Library_Data 
java_command: Library_Data/application.Main
java_class_path (initial): <not set>
Launcher Type: SUN_STANDARD

[Global flags]
     intx CICompilerCount                          = 4                                         {product} {ergonomic}
     uint ConcGCThreads                            = 3                                         {product} {ergonomic}
     uint G1ConcRefinementThreads                  = 10                                        {product} {ergonomic}
   size_t G1HeapRegionSize                         = 2097152                                   {product} {ergonomic}
    uintx GCDrainStackTargetSize                   = 64                                        {product} {ergonomic}
   size_t InitialHeapSize                          = 266338304                                 {product} {ergonomic}
   size_t MarkStackSize                            = 4194304                                   {product} {ergonomic}
   size_t MaxHeapSize                              = 4248829952                                {product} {ergonomic}
   size_t MinHeapDeltaBytes                        = 2097152                                   {product} {ergonomic}
   size_t MinHeapSize                              = 8388608                                   {product} {ergonomic}
    uintx NonNMethodCodeHeapSize                   = 5839372                                {pd product} {ergonomic}
    uintx NonProfiledCodeHeapSize                  = 122909434                              {pd product} {ergonomic}
    uintx ProfiledCodeHeapSize                     = 122909434                              {pd product} {ergonomic}
    uintx ReservedCodeCacheSize                    = 251658240                              {pd product} {ergonomic}
     bool SegmentedCodeCache                       = true                                      {product} {ergonomic}
     bool ShowCodeDetailsInExceptionMessages       = true                                   {manageable} {command line}
   size_t SoftMaxHeapSize                          = 4248829952                             {manageable} {ergonomic}
     bool UseCompressedClassPointers               = true                           {product lp64_product} {ergonomic}
     bool UseCompressedOops                        = true                           {product lp64_product} {ergonomic}
     bool UseG1GC                                  = true                                      {product} {ergonomic}
     bool UseLargePagesIndividualAllocation        = false                                  {pd product} {ergonomic}

Logging:
Log output configuration:
 #0: stdout all=warning uptime,level,tags
 #1: stderr all=off uptime,level,tags

Environment Variables:
JAVA_HOME=C:\Users\EasyLife\Desktop\hidaya\jdk-16.0.2
PATH=C:/Users/EasyLife/OneDrive/Desktop/DataBase/eclipse//plugins/org.eclipse.justj.openjdk.hotspot.jre.full.win32.x86_64_17.0.4.v20220903-1038/jre/bin/server;C:/Users/EasyLife/OneDrive/Desktop/DataBase/eclipse//plugins/org.eclipse.justj.openjdk.hotspot.jre.full.win32.x86_64_17.0.4.v20220903-1038/jre/bin;C:\Program Files\Common Files\Oracle\Java\javapath;C:\Windows\system32;C:\Windows;C:\Windows\System32\Wbem;C:\Windows\System32\WindowsPowerShell\v1.0\;C:\Windows\System32\OpenSSH\;C:\Program Files (x86)\NVIDIA Corporation\PhysX\Common;C:\Program Files\NVIDIA Corporation\NVIDIA NvDLISR;%JAVA_HOME%\bin;;C:\WINDOWS\system32;C:\WINDOWS;C:\WINDOWS\System32\Wbem;C:\WINDOWS\System32\WindowsPowerShell\v1.0\;C:\WINDOWS\System32\OpenSSH\;c:\users\easylife\desktop\quartus\bin;C:\Aldec\Active-HDL-Student-Edition\bin;C:\Users\EasyLife\AppData\Local\Microsoft\WindowsApps;;C:\Users\EasyLife\Intellij\IntelliJ IDEA Community Edition 2022.3.1\bin;;C:\Users\EasyLife\OneDrive\Desktop\DataBase\eclipse;
USERNAME=EasyLife
OS=Windows_NT
PROCESSOR_IDENTIFIER=Intel64 Family 6 Model 165 Stepping 2, GenuineIntel
TMP=C:\Users\EasyLife\AppData\Local\Temp
TEMP=C:\Users\EasyLife\AppData\Local\Temp



---------------  S Y S T E M  ---------------

OS:
 Windows 11 , 64 bit Build 22000 (10.0.22000.1335)
OS uptime: 9 days 2:41 hours

CPU: total 12 (initial active 12) (6 cores per cpu, 2 threads per core) family 6 model 165 stepping 2 microcode 0xe0, cx8, cmov, fxsr, ht, mmx, 3dnowpref, sse, sse2, sse3, ssse3, sse4.1, sse4.2, popcnt, lzcnt, tsc, tscinvbit, avx, avx2, aes, erms, clmul, bmi1, bmi2, adx, fma, vzeroupper, clflush, clflushopt

Memory: 4k page, system-wide physical 16205M (4071M free)
TotalPageFile size 65357M (AvailPageFile size 22M)
current process WorkingSet (physical memory assigned to process): 11M, peak: 11M
current process commit charge ("private bytes"): 64M, peak: 318M

vm_info: OpenJDK 64-Bit Server VM (17.0.4.1+1) for windows-amd64 JRE (17.0.4.1+1), built on Aug 17 2022 07:42:43 by "temurin" with MS VC++ 16.7 (VS2019)

END.
